  [1m[35m (12.6ms)[0m  [1m[34mSELECT sqlite_version(*)[0m
  [1m[35m (9.0ms)[0m  [1m[35mCREATE TABLE "schema_migrations" ("version" varchar NOT NULL PRIMARY KEY)[0m
  [1m[35m (4.8ms)[0m  [1m[35mCREATE TABLE "ar_internal_metadata" ("key" varchar NOT NULL PRIMARY KEY, "value" varchar, "created_at" datetime(6) NOT NULL, "updated_at" datetime(6) NOT NULL)[0m
  [1m[35m (0.2ms)[0m  [1m[34mSELECT "schema_migrations"."version" FROM "schema_migrations" ORDER BY "schema_migrations"."version" ASC[0m
Migrating to CreateUsers (20210324043053)
  [1m[36mTRANSACTION (0.0ms)[0m  [1m[36mbegin transaction[0m
  [1m[35m (0.6ms)[0m  [1m[35mCREATE TABLE "users" ("id" integer PRIMARY KEY AUTOINCREMENT NOT NULL, "name" varchar, "password_digest" varchar, "created_at" datetime(6) NOT NULL, "updated_at" datetime(6) NOT NULL)[0m
  [1m[36mActiveRecord::SchemaMigration Create (0.4ms)[0m  [1m[32mINSERT INTO "schema_migrations" ("version") VALUES (?)[0m  [["version", "20210324043053"]]
  [1m[36mTRANSACTION (4.3ms)[0m  [1m[36mcommit transaction[0m
Migrating to CreateWorkouts (20210324043201)
  [1m[36mTRANSACTION (0.1ms)[0m  [1m[36mbegin transaction[0m
  [1m[35m (0.8ms)[0m  [1m[35mCREATE TABLE "workouts" ("id" integer PRIMARY KEY AUTOINCREMENT NOT NULL, "name" varchar, "weight" integer, "reps" integer, "sets" integer, "workout_session_id" integer, "created_at" datetime(6) NOT NULL, "updated_at" datetime(6) NOT NULL)[0m
  [1m[36mActiveRecord::SchemaMigration Create (0.1ms)[0m  [1m[32mINSERT INTO "schema_migrations" ("version") VALUES (?)[0m  [["version", "20210324043201"]]
  [1m[36mTRANSACTION (4.5ms)[0m  [1m[36mcommit transaction[0m
Migrating to CreateWorkoutSessions (20210324043211)
  [1m[36mTRANSACTION (0.1ms)[0m  [1m[36mbegin transaction[0m
  [1m[35m (0.7ms)[0m  [1m[35mCREATE TABLE "workout_sessions" ("id" integer PRIMARY KEY AUTOINCREMENT NOT NULL, "name" varchar, "user_id" integer, "created_at" datetime(6) NOT NULL, "updated_at" datetime(6) NOT NULL)[0m
  [1m[36mActiveRecord::SchemaMigration Create (0.2ms)[0m  [1m[32mINSERT INTO "schema_migrations" ("version") VALUES (?)[0m  [["version", "20210324043211"]]
  [1m[36mTRANSACTION (5.1ms)[0m  [1m[36mcommit transaction[0m
  [1m[36mActiveRecord::InternalMetadata Load (0.2ms)[0m  [1m[34mSELECT "ar_internal_metadata".* FROM "ar_internal_metadata" WHERE "ar_internal_metadata"."key" = ? LIMIT ?[0m  [["key", "environment"], ["LIMIT", 1]]
  [1m[36mTRANSACTION (0.0ms)[0m  [1m[36mbegin transaction[0m
  [1m[36mActiveRecord::InternalMetadata Create (0.7ms)[0m  [1m[32mINSERT INTO "ar_internal_metadata" ("key", "value", "created_at", "updated_at") VALUES (?, ?, ?, ?)[0m  [["key", "environment"], ["value", "development"], ["created_at", "2021-03-24 19:55:21.112927"], ["updated_at", "2021-03-24 19:55:21.112927"]]
  [1m[36mTRANSACTION (5.0ms)[0m  [1m[36mcommit transaction[0m
  [1m[35m (0.0ms)[0m  [1m[34mSELECT sqlite_version(*)[0m
  [1m[35m (0.2ms)[0m  [1m[34mSELECT "schema_migrations"."version" FROM "schema_migrations" ORDER BY "schema_migrations"."version" ASC[0m
  [1m[35m (0.4ms)[0m  [1m[34mSELECT sqlite_version(*)[0m
  [1m[35m (0.2ms)[0m  [1m[34mSELECT "schema_migrations"."version" FROM "schema_migrations" ORDER BY "schema_migrations"."version" ASC[0m
  [1m[35m (0.4ms)[0m  [1m[34mSELECT sqlite_version(*)[0m
  [1m[35m (0.2ms)[0m  [1m[34mSELECT "schema_migrations"."version" FROM "schema_migrations" ORDER BY "schema_migrations"."version" ASC[0m
  [1m[35m (0.4ms)[0m  [1m[34mSELECT sqlite_version(*)[0m
  [1m[35m (0.2ms)[0m  [1m[34mSELECT "schema_migrations"."version" FROM "schema_migrations" ORDER BY "schema_migrations"."version" ASC[0m
  [1m[35m (0.0ms)[0m  [1m[34mSELECT sqlite_version(*)[0m
  [1m[36mUser Destroy (5.5ms)[0m  [1m[31mDELETE FROM "users"[0m
  [1m[36mWorkoutSession Destroy (4.9ms)[0m  [1m[31mDELETE FROM "workout_sessions"[0m
  [1m[36mWorkout Destroy (4.1ms)[0m  [1m[31mDELETE FROM "workouts"[0m
  [1m[36mTRANSACTION (0.0ms)[0m  [1m[36mbegin transaction[0m
  [1m[36mUser Create (0.8ms)[0m  [1m[32mINSERT INTO "users" ("name", "password_digest", "created_at", "updated_at") VALUES (?, ?, ?, ?)[0m  [["name", "Jason"], ["password_digest", "$2a$12$wJ5tWF7yeNFP4vCFaBcPNeOaBJI371k1etuUKXuTF4/V6PXpItdri"], ["created_at", "2021-03-24 19:57:14.257782"], ["updated_at", "2021-03-24 19:57:14.257782"]]
  [1m[36mTRANSACTION (4.8ms)[0m  [1m[36mcommit transaction[0m
  [1m[36mTRANSACTION (0.0ms)[0m  [1m[36mbegin transaction[0m
  [1m[36mUser Create (0.7ms)[0m  [1m[32mINSERT INTO "users" ("name", "password_digest", "created_at", "updated_at") VALUES (?, ?, ?, ?)[0m  [["name", "Mike"], ["password_digest", "$2a$12$cyUNzyMGaASPSsUSfGA3wuHe/dqkpj2sL0QLgT7fJX2O7lMfmFtKW"], ["created_at", "2021-03-24 19:57:14.439946"], ["updated_at", "2021-03-24 19:57:14.439946"]]
  [1m[36mTRANSACTION (4.4ms)[0m  [1m[36mcommit transaction[0m
  [1m[36mTRANSACTION (0.0ms)[0m  [1m[36mbegin transaction[0m
  [1m[36mUser Create (0.8ms)[0m  [1m[32mINSERT INTO "users" ("name", "password_digest", "created_at", "updated_at") VALUES (?, ?, ?, ?)[0m  [["name", "Joe"], ["password_digest", "$2a$12$sMY3X/p4rk6q97tO8nFNbuIhjZlZKEDwvFeSKArmzLZPdNCXdkdlO"], ["created_at", "2021-03-24 19:57:14.619238"], ["updated_at", "2021-03-24 19:57:14.619238"]]
  [1m[36mTRANSACTION (4.6ms)[0m  [1m[36mcommit transaction[0m
  [1m[35m (0.4ms)[0m  [1m[34mSELECT sqlite_version(*)[0m
  [1m[35m (0.1ms)[0m  [1m[34mSELECT "schema_migrations"."version" FROM "schema_migrations" ORDER BY "schema_migrations"."version" ASC[0m
  [1m[35m (0.0ms)[0m  [1m[34mSELECT sqlite_version(*)[0m
  [1m[36mUser Destroy (4.7ms)[0m  [1m[31mDELETE FROM "users"[0m
  [1m[36mWorkoutSession Destroy (4.6ms)[0m  [1m[31mDELETE FROM "workout_sessions"[0m
  [1m[36mWorkout Destroy (3.6ms)[0m  [1m[31mDELETE FROM "workouts"[0m
  [1m[36mTRANSACTION (0.0ms)[0m  [1m[36mbegin transaction[0m
  [1m[36mUser Create (1.3ms)[0m  [1m[32mINSERT INTO "users" ("name", "password_digest", "created_at", "updated_at") VALUES (?, ?, ?, ?)[0m  [["name", "Jason"], ["password_digest", "$2a$12$yUlp70xqPE4raxUD8gwe7OKmSVFUTRQKwIjWgcfR/9Fc6rn4yfKIK"], ["created_at", "2021-03-24 19:58:44.541535"], ["updated_at", "2021-03-24 19:58:44.541535"]]
  [1m[36mTRANSACTION (4.3ms)[0m  [1m[36mcommit transaction[0m
  [1m[36mTRANSACTION (0.0ms)[0m  [1m[36mbegin transaction[0m
  [1m[36mUser Create (0.7ms)[0m  [1m[32mINSERT INTO "users" ("name", "password_digest", "created_at", "updated_at") VALUES (?, ?, ?, ?)[0m  [["name", "Mike"], ["password_digest", "$2a$12$wgleAuF.qRqgMR/oygGpwe8oc0zqCgZmUiAw0wWfHEb9WYEcrlisW"], ["created_at", "2021-03-24 19:58:44.721787"], ["updated_at", "2021-03-24 19:58:44.721787"]]
  [1m[36mTRANSACTION (4.3ms)[0m  [1m[36mcommit transaction[0m
  [1m[36mTRANSACTION (0.0ms)[0m  [1m[36mbegin transaction[0m
  [1m[36mUser Create (0.7ms)[0m  [1m[32mINSERT INTO "users" ("name", "password_digest", "created_at", "updated_at") VALUES (?, ?, ?, ?)[0m  [["name", "Joe"], ["password_digest", "$2a$12$95eWyUBEQEla31/vxXUJEeB255Kw5.xgIkUM5HGmYHGszAjZ87ca2"], ["created_at", "2021-03-24 19:58:44.900936"], ["updated_at", "2021-03-24 19:58:44.900936"]]
  [1m[36mTRANSACTION (4.2ms)[0m  [1m[36mcommit transaction[0m
  [1m[35m (0.7ms)[0m  [1m[34mSELECT sqlite_version(*)[0m
  [1m[35m (0.1ms)[0m  [1m[34mSELECT "schema_migrations"."version" FROM "schema_migrations" ORDER BY "schema_migrations"."version" ASC[0m
  [1m[35m (0.0ms)[0m  [1m[34mSELECT sqlite_version(*)[0m
  [1m[36mUser Destroy (4.5ms)[0m  [1m[31mDELETE FROM "users"[0m
  [1m[36mWorkoutSession Destroy (4.5ms)[0m  [1m[31mDELETE FROM "workout_sessions"[0m
  [1m[36mWorkout Destroy (4.9ms)[0m  [1m[31mDELETE FROM "workouts"[0m
  [1m[36mTRANSACTION (0.0ms)[0m  [1m[36mbegin transaction[0m
  [1m[36mUser Create (0.8ms)[0m  [1m[32mINSERT INTO "users" ("name", "password_digest", "created_at", "updated_at") VALUES (?, ?, ?, ?)[0m  [["name", "Jason"], ["password_digest", "$2a$12$skoBaStRrcU7kow9K/F4RuYUHrcDyCZU3IaDL4utMOnwxhkEa8aVm"], ["created_at", "2021-03-24 19:59:28.445992"], ["updated_at", "2021-03-24 19:59:28.445992"]]
  [1m[36mTRANSACTION (4.3ms)[0m  [1m[36mcommit transaction[0m
  [1m[36mTRANSACTION (0.0ms)[0m  [1m[36mbegin transaction[0m
  [1m[36mUser Create (0.7ms)[0m  [1m[32mINSERT INTO "users" ("name", "password_digest", "created_at", "updated_at") VALUES (?, ?, ?, ?)[0m  [["name", "Mike"], ["password_digest", "$2a$12$1AW.Ta/XGW0oaERBUGNQJ.BZTl1monVoPYcvhfvlXpqn9YGH7x5LS"], ["created_at", "2021-03-24 19:59:28.622751"], ["updated_at", "2021-03-24 19:59:28.622751"]]
  [1m[36mTRANSACTION (4.6ms)[0m  [1m[36mcommit transaction[0m
  [1m[36mTRANSACTION (0.0ms)[0m  [1m[36mbegin transaction[0m
  [1m[36mUser Create (0.7ms)[0m  [1m[32mINSERT INTO "users" ("name", "password_digest", "created_at", "updated_at") VALUES (?, ?, ?, ?)[0m  [["name", "Joe"], ["password_digest", "$2a$12$x.zXPMDhIO92KYDKZTy43eZ0qTMxQT4JscCm3IAOiWl/lWu.GbhKm"], ["created_at", "2021-03-24 19:59:28.799604"], ["updated_at", "2021-03-24 19:59:28.799604"]]
  [1m[36mTRANSACTION (5.7ms)[0m  [1m[36mcommit transaction[0m
  [1m[36mTRANSACTION (0.1ms)[0m  [1m[36mbegin transaction[0m
  [1m[36mWorkoutSession Create (0.9ms)[0m  [1m[32mINSERT INTO "workout_sessions" ("name", "user_id", "created_at", "updated_at") VALUES (?, ?, ?, ?)[0m  [["name", "Leg Day"], ["user_id", 7], ["created_at", "2021-03-24 19:59:28.910171"], ["updated_at", "2021-03-24 19:59:28.910171"]]
  [1m[36mTRANSACTION (4.6ms)[0m  [1m[36mcommit transaction[0m
  [1m[36mTRANSACTION (0.0ms)[0m  [1m[36mbegin transaction[0m
  [1m[36mWorkoutSession Create (0.7ms)[0m  [1m[32mINSERT INTO "workout_sessions" ("name", "user_id", "created_at", "updated_at") VALUES (?, ?, ?, ?)[0m  [["name", "Arm Day"], ["user_id", 7], ["created_at", "2021-03-24 19:59:28.918385"], ["updated_at", "2021-03-24 19:59:28.918385"]]
  [1m[36mTRANSACTION (3.6ms)[0m  [1m[36mcommit transaction[0m
  [1m[36mTRANSACTION (0.0ms)[0m  [1m[36mbegin transaction[0m
  [1m[36mWorkoutSession Create (0.7ms)[0m  [1m[32mINSERT INTO "workout_sessions" ("name", "user_id", "created_at", "updated_at") VALUES (?, ?, ?, ?)[0m  [["name", "Chest Day"], ["user_id", 7], ["created_at", "2021-03-24 19:59:28.925255"], ["updated_at", "2021-03-24 19:59:28.925255"]]
  [1m[36mTRANSACTION (5.0ms)[0m  [1m[36mcommit transaction[0m
  [1m[36mTRANSACTION (0.0ms)[0m  [1m[36mbegin transaction[0m
  [1m[36mWorkout Create (0.7ms)[0m  [1m[32mINSERT INTO "workouts" ("name", "weight", "reps", "sets", "workout_session_id", "created_at", "updated_at") VALUES (?, ?, ?, ?, ?, ?, ?)[0m  [["name", "Bench"], ["weight", 150], ["reps", 3], ["sets", 3], ["workout_session_id", 3], ["created_at", "2021-03-24 19:59:28.937083"], ["updated_at", "2021-03-24 19:59:28.937083"]]
  [1m[36mTRANSACTION (4.4ms)[0m  [1m[36mcommit transaction[0m
  [1m[36mTRANSACTION (0.0ms)[0m  [1m[36mbegin transaction[0m
  [1m[36mWorkout Create (0.7ms)[0m  [1m[32mINSERT INTO "workouts" ("name", "weight", "reps", "sets", "workout_session_id", "created_at", "updated_at") VALUES (?, ?, ?, ?, ?, ?, ?)[0m  [["name", "Dips"], ["weight", 25], ["reps", 3], ["sets", 4], ["workout_session_id", 3], ["created_at", "2021-03-24 19:59:28.944753"], ["updated_at", "2021-03-24 19:59:28.944753"]]
  [1m[36mTRANSACTION (4.8ms)[0m  [1m[36mcommit transaction[0m
Started GET "/" for ::1 at 2021-03-24 16:02:32 -0400
  [1m[35m (0.5ms)[0m  [1m[34mSELECT sqlite_version(*)[0m
  [1m[35m (0.3ms)[0m  [1m[34mSELECT "schema_migrations"."version" FROM "schema_migrations" ORDER BY "schema_migrations"."version" ASC[0m
Processing by Rails::WelcomeController#index as HTML
  Rendering /home/jasonpatino/.rvm/gems/ruby-2.6.1/gems/railties-6.1.3/lib/rails/templates/rails/welcome/index.html.erb
  Rendered /home/jasonpatino/.rvm/gems/ruby-2.6.1/gems/railties-6.1.3/lib/rails/templates/rails/welcome/index.html.erb (Duration: 34.9ms | Allocations: 477)
Completed 200 OK in 140ms (Views: 71.1ms | ActiveRecord: 0.0ms | Allocations: 4121)


Started GET "/favicon.ico" for ::1 at 2021-03-24 16:02:32 -0400
  
ActionController::RoutingError (No route matches [GET] "/favicon.ico"):
  
Started GET "/users" for ::1 at 2021-03-24 16:02:43 -0400
Processing by UsersController#index as HTML
Completed 204 No Content in 0ms (ActiveRecord: 0.0ms | Allocations: 69)


Started GET "/rails/info/routes" for ::1 at 2021-03-24 16:23:23 -0400
Processing by Rails::InfoController#routes as HTML
  Rendering layout /home/jasonpatino/.rvm/gems/ruby-2.6.1/gems/railties-6.1.3/lib/rails/templates/layouts/application.html.erb
  Rendering /home/jasonpatino/.rvm/gems/ruby-2.6.1/gems/railties-6.1.3/lib/rails/templates/rails/info/routes.html.erb within layouts/application
  Rendered collection of /home/jasonpatino/.rvm/gems/ruby-2.6.1/gems/actionpack-6.1.3/lib/action_dispatch/middleware/templates/routes/_route.html.erb [48 times] (Duration: 7.0ms | Allocations: 5314)
  Rendered /home/jasonpatino/.rvm/gems/ruby-2.6.1/gems/actionpack-6.1.3/lib/action_dispatch/middleware/templates/routes/_table.html.erb (Duration: 0.7ms | Allocations: 690)
  Rendered /home/jasonpatino/.rvm/gems/ruby-2.6.1/gems/railties-6.1.3/lib/rails/templates/rails/info/routes.html.erb within layouts/application (Duration: 24.9ms | Allocations: 8978)
  Rendered layout /home/jasonpatino/.rvm/gems/ruby-2.6.1/gems/railties-6.1.3/lib/rails/templates/layouts/application.html.erb (Duration: 31.2ms | Allocations: 9217)
Completed 200 OK in 33ms (Views: 32.3ms | Allocations: 10267)


  [1m[35m (0.4ms)[0m  [1m[34mSELECT sqlite_version(*)[0m
  [1m[35m (0.1ms)[0m  [1m[34mSELECT "schema_migrations"."version" FROM "schema_migrations" ORDER BY "schema_migrations"."version" ASC[0m
  [1m[35m (0.0ms)[0m  [1m[34mSELECT sqlite_version(*)[0m
  [1m[36mUser Destroy (5.4ms)[0m  [1m[31mDELETE FROM "users"[0m
  [1m[36mWorkoutSession Destroy (5.5ms)[0m  [1m[31mDELETE FROM "workout_sessions"[0m
  [1m[36mWorkout Destroy (5.2ms)[0m  [1m[31mDELETE FROM "workouts"[0m
  [1m[36mTRANSACTION (0.0ms)[0m  [1m[36mbegin transaction[0m
  [1m[36mUser Create (0.7ms)[0m  [1m[32mINSERT INTO "users" ("name", "password_digest", "created_at", "updated_at") VALUES (?, ?, ?, ?)[0m  [["name", "Jason"], ["password_digest", "$2a$12$4fmNK5QRdJx23CzOUrPC2Odpgo9IIVfrFPQY39yLglo0RlN.S.jda"], ["created_at", "2021-03-24 20:30:26.726862"], ["updated_at", "2021-03-24 20:30:26.726862"]]
  [1m[36mTRANSACTION (4.7ms)[0m  [1m[36mcommit transaction[0m
  [1m[36mTRANSACTION (0.0ms)[0m  [1m[36mbegin transaction[0m
  [1m[36mUser Create (0.8ms)[0m  [1m[32mINSERT INTO "users" ("name", "password_digest", "created_at", "updated_at") VALUES (?, ?, ?, ?)[0m  [["name", "Mike"], ["password_digest", "$2a$12$clAqSNHs4yQ3mG8/VoB8nuV8SoArAsb9aZt7A1fRBzlbofOs83DjK"], ["created_at", "2021-03-24 20:30:26.909886"], ["updated_at", "2021-03-24 20:30:26.909886"]]
  [1m[36mTRANSACTION (4.8ms)[0m  [1m[36mcommit transaction[0m
  [1m[36mTRANSACTION (0.0ms)[0m  [1m[36mbegin transaction[0m
  [1m[36mUser Create (0.7ms)[0m  [1m[32mINSERT INTO "users" ("name", "password_digest", "created_at", "updated_at") VALUES (?, ?, ?, ?)[0m  [["name", "Joe"], ["password_digest", "$2a$12$OoRFMH8b1JtCsyVRqbQw7ug.0PzST02STeIZJcBUCBYpi3zY2zZQK"], ["created_at", "2021-03-24 20:30:27.092219"], ["updated_at", "2021-03-24 20:30:27.092219"]]
  [1m[36mTRANSACTION (4.8ms)[0m  [1m[36mcommit transaction[0m
  [1m[36mTRANSACTION (0.0ms)[0m  [1m[36mbegin transaction[0m
  [1m[36mWorkoutSession Create (0.7ms)[0m  [1m[32mINSERT INTO "workout_sessions" ("name", "user_id", "created_at", "updated_at") VALUES (?, ?, ?, ?)[0m  [["name", "Leg Day"], ["user_id", 10], ["created_at", "2021-03-24 20:30:27.115132"], ["updated_at", "2021-03-24 20:30:27.115132"]]
  [1m[36mTRANSACTION (4.3ms)[0m  [1m[36mcommit transaction[0m
  [1m[36mTRANSACTION (0.0ms)[0m  [1m[36mbegin transaction[0m
  [1m[36mWorkoutSession Create (0.7ms)[0m  [1m[32mINSERT INTO "workout_sessions" ("name", "user_id", "created_at", "updated_at") VALUES (?, ?, ?, ?)[0m  [["name", "Arm Day"], ["user_id", 10], ["created_at", "2021-03-24 20:30:27.123731"], ["updated_at", "2021-03-24 20:30:27.123731"]]
  [1m[36mTRANSACTION (4.4ms)[0m  [1m[36mcommit transaction[0m
  [1m[36mTRANSACTION (0.0ms)[0m  [1m[36mbegin transaction[0m
  [1m[36mWorkoutSession Create (0.7ms)[0m  [1m[32mINSERT INTO "workout_sessions" ("name", "user_id", "created_at", "updated_at") VALUES (?, ?, ?, ?)[0m  [["name", "Chest Day"], ["user_id", 10], ["created_at", "2021-03-24 20:30:27.131344"], ["updated_at", "2021-03-24 20:30:27.131344"]]
  [1m[36mTRANSACTION (4.8ms)[0m  [1m[36mcommit transaction[0m
  [1m[36mTRANSACTION (0.0ms)[0m  [1m[36mbegin transaction[0m
  [1m[36mWorkout Create (0.9ms)[0m  [1m[32mINSERT INTO "workouts" ("name", "weight", "reps", "sets", "workout_session_id", "created_at", "updated_at") VALUES (?, ?, ?, ?, ?, ?, ?)[0m  [["name", "Bench"], ["weight", 150], ["reps", 3], ["sets", 3], ["workout_session_id", 6], ["created_at", "2021-03-24 20:30:27.147258"], ["updated_at", "2021-03-24 20:30:27.147258"]]
  [1m[36mTRANSACTION (5.0ms)[0m  [1m[36mcommit transaction[0m
  [1m[36mTRANSACTION (0.0ms)[0m  [1m[36mbegin transaction[0m
  [1m[36mWorkout Create (0.7ms)[0m  [1m[32mINSERT INTO "workouts" ("name", "weight", "reps", "sets", "workout_session_id", "created_at", "updated_at") VALUES (?, ?, ?, ?, ?, ?, ?)[0m  [["name", "Dips"], ["weight", 25], ["reps", 3], ["sets", 4], ["workout_session_id", 6], ["created_at", "2021-03-24 20:30:27.155894"], ["updated_at", "2021-03-24 20:30:27.155894"]]
  [1m[36mTRANSACTION (4.3ms)[0m  [1m[36mcommit transaction[0m
Started GET "/users" for ::1 at 2021-03-24 16:33:10 -0400
Processing by UsersController#index as HTML
Completed 500 Internal Server Error in 1ms (Allocations: 181)


  
SyntaxError (/mnt/c/Users/JASON/dev/flatiron/projects/My_workout_app/backend/app/models/user.rb:2: syntax error, unexpected tIDENTIFIER, expecting end
...any :workout_sessions dependant: :destroy
...                      ^~~~~~~~~):
  
app/models/user.rb:2: syntax error, unexpected tIDENTIFIER, expecting end
app/models/user.rb:2: syntax error, unexpected tIDENTIFIER, expecting end
app/controllers/users_controller.rb:4:in `index'
Started GET "/users" for ::1 at 2021-03-24 16:33:59 -0400
Processing by UsersController#index as HTML
Completed 500 Internal Server Error in 10ms (Allocations: 1063)


  
ArgumentError (Unknown key: :dependant. Valid keys are: :class_name, :anonymous_class, :primary_key, :foreign_key, :dependent, :validate, :inverse_of, :strict_loading, :autosave, :before_add, :after_add, :before_remove, :after_remove, :extend, :counter_cache, :join_table, :index_errors, :ensuring_owner_was):
  
app/models/user.rb:2:in `<class:User>'
app/models/user.rb:1:in `<main>'
app/controllers/users_controller.rb:4:in `index'
Started GET "/favicon.ico" for ::1 at 2021-03-24 16:33:59 -0400
  
ActionController::RoutingError (No route matches [GET] "/favicon.ico"):
  
Started GET "/users" for ::1 at 2021-03-24 16:34:47 -0400
Processing by UsersController#index as HTML
Completed 500 Internal Server Error in 11ms (Allocations: 3223)


  
NoMethodError (undefined method `json' for #<UsersController:0x007ffff1db8398>
Did you mean?  JSON):
  
app/controllers/users_controller.rb:5:in `index'
Started GET "/users" for ::1 at 2021-03-24 16:35:36 -0400
Processing by UsersController#index as HTML
  [1m[35m (0.1ms)[0m  [1m[34mSELECT sqlite_version(*)[0m
  â†³ app/controllers/users_controller.rb:5:in `index'
  [1m[36mUser Load (0.2ms)[0m  [1m[34mSELECT "users".* FROM "users"[0m
  â†³ app/controllers/users_controller.rb:5:in `index'
Completed 200 OK in 8ms (Views: 5.8ms | ActiveRecord: 1.1ms | Allocations: 6342)


Started GET "/users/1" for ::1 at 2021-03-24 16:35:40 -0400
Processing by UsersController#show as HTML
  Parameters: {"id"=>"1"}
  [1m[36mUser Load (0.2ms)[0m  [1m[34mSELECT "users".* FROM "users" WHERE "users"."id" = ? LIMIT ?[0m  [["id", 1], ["LIMIT", 1]]
  â†³ app/controllers/users_controller.rb:10:in `show'
Completed 200 OK in 2ms (Views: 0.1ms | ActiveRecord: 0.2ms | Allocations: 916)


Started GET "/users" for ::1 at 2021-03-24 16:35:44 -0400
Processing by UsersController#index as HTML
  [1m[36mUser Load (0.2ms)[0m  [1m[34mSELECT "users".* FROM "users"[0m
  â†³ app/controllers/users_controller.rb:5:in `index'
Completed 200 OK in 1ms (Views: 0.9ms | ActiveRecord: 0.2ms | Allocations: 948)


Started GET "/users/10" for ::1 at 2021-03-24 16:35:56 -0400
Processing by UsersController#show as HTML
  Parameters: {"id"=>"10"}
  [1m[36mUser Load (0.2ms)[0m  [1m[34mSELECT "users".* FROM "users" WHERE "users"."id" = ? LIMIT ?[0m  [["id", 10], ["LIMIT", 1]]
  â†³ app/controllers/users_controller.rb:10:in `show'
Completed 200 OK in 1ms (Views: 0.2ms | ActiveRecord: 0.2ms | Allocations: 600)


Started GET "/workouts" for ::1 at 2021-03-24 16:36:23 -0400
  
ActionController::RoutingError (No route matches [GET] "/workouts"):
  
Started GET "/workout" for ::1 at 2021-03-24 16:36:29 -0400
  
ActionController::RoutingError (No route matches [GET] "/workout"):
  
Started GET "/workout" for ::1 at 2021-03-24 16:37:00 -0400
  
ActionController::RoutingError (No route matches [GET] "/workout"):
  
Started GET "/workouts" for ::1 at 2021-03-24 16:37:07 -0400
Processing by WorkoutsController#index as HTML
  [1m[35m (0.0ms)[0m  [1m[34mSELECT sqlite_version(*)[0m
  â†³ app/controllers/workouts_controller.rb:4:in `index'
  [1m[36mWorkout Load (0.2ms)[0m  [1m[34mSELECT "workouts".* FROM "workouts"[0m
  â†³ app/controllers/workouts_controller.rb:4:in `index'
Completed 200 OK in 14ms (Views: 12.4ms | ActiveRecord: 1.2ms | Allocations: 6686)


Started GET "/workout_sessions" for ::1 at 2021-03-24 22:29:12 -0400
Processing by WorkoutSessionsController#index as HTML
Completed 204 No Content in 0ms (Allocations: 40)


Started GET "/workout/1" for ::1 at 2021-03-24 22:29:23 -0400
  
ActionController::RoutingError (No route matches [GET] "/workout/1"):
  
Started GET "/workouts/3" for ::1 at 2021-03-24 22:29:34 -0400
Processing by WorkoutsController#show as HTML
  Parameters: {"id"=>"3"}
  [1m[35m (0.0ms)[0m  [1m[34mSELECT sqlite_version(*)[0m
  â†³ app/controllers/workouts_controller.rb:8:in `show'
  [1m[36mWorkout Load (0.1ms)[0m  [1m[34mSELECT "workouts".* FROM "workouts" WHERE "workouts"."id" = ? LIMIT ?[0m  [["id", 3], ["LIMIT", 1]]
  â†³ app/controllers/workouts_controller.rb:8:in `show'
Completed 200 OK in 7ms (Views: 0.3ms | ActiveRecord: 0.5ms | Allocations: 5477)


Started GET "/workout_session" for ::1 at 2021-03-24 22:29:42 -0400
  
ActionController::RoutingError (No route matches [GET] "/workout_session"):
  
Started GET "/workout_sessions" for ::1 at 2021-03-24 22:29:48 -0400
Processing by WorkoutSessionsController#index as HTML
Completed 204 No Content in 0ms (ActiveRecord: 0.0ms | Allocations: 40)


Started GET "/workout_sessions" for ::1 at 2021-03-24 22:30:04 -0400
Processing by WorkoutSessionsController#index as HTML
Completed 204 No Content in 0ms (ActiveRecord: 0.0ms | Allocations: 25)


Started GET "/workout_session" for ::1 at 2021-03-24 22:30:46 -0400
  [1m[35m (0.0ms)[0m  [1m[34mSELECT sqlite_version(*)[0m
  [1m[35m (0.1ms)[0m  [1m[34mSELECT "schema_migrations"."version" FROM "schema_migrations" ORDER BY "schema_migrations"."version" ASC[0m
  
ActionController::RoutingError (No route matches [GET] "/workout_session"):
  
Started GET "/workout_sessions" for ::1 at 2021-03-24 22:31:06 -0400
Processing by WorkoutSessionsController#index as HTML
Completed 500 Internal Server Error in 3ms (ActiveRecord: 0.0ms | Allocations: 1558)


  
NameError (uninitialized constant WorkoutSessionsController::WorkoutSessions):
  
app/controllers/workout_sessions_controller.rb:4:in `index'
Started GET "/workout_sessions" for ::1 at 2021-03-24 22:32:42 -0400
Processing by WorkoutSessionsController#index as HTML
Completed 500 Internal Server Error in 6ms (Allocations: 1320)


  
ArgumentError (Unknown key: :dependant. Valid keys are: :class_name, :anonymous_class, :primary_key, :foreign_key, :dependent, :validate, :inverse_of, :strict_loading, :autosave, :before_add, :after_add, :before_remove, :after_remove, :extend, :counter_cache, :join_table, :index_errors, :ensuring_owner_was):
  
app/models/workout_session.rb:2:in `<class:WorkoutSession>'
app/models/workout_session.rb:1:in `<main>'
app/controllers/workout_sessions_controller.rb:4:in `index'
Started GET "/workout_sessions" for ::1 at 2021-03-24 22:33:19 -0400
Processing by WorkoutSessionsController#index as HTML
  [1m[35m (0.0ms)[0m  [1m[34mSELECT sqlite_version(*)[0m
  â†³ app/controllers/workout_sessions_controller.rb:5:in `index'
  [1m[36mWorkoutSession Load (0.1ms)[0m  [1m[34mSELECT "workout_sessions".* FROM "workout_sessions"[0m
  â†³ app/controllers/workout_sessions_controller.rb:5:in `index'
Completed 200 OK in 13ms (Views: 4.9ms | ActiveRecord: 1.0ms | Allocations: 5511)


Started GET "/workouts" for ::1 at 2021-03-24 22:35:47 -0400
Processing by WorkoutsController#index as HTML
  [1m[36mWorkout Load (0.2ms)[0m  [1m[34mSELECT "workouts".* FROM "workouts"[0m
  â†³ app/controllers/workouts_controller.rb:4:in `index'
Completed 200 OK in 10ms (Views: 8.4ms | ActiveRecord: 0.9ms | Allocations: 5315)


Started GET "/workout_sessions" for ::1 at 2021-03-24 22:48:15 -0400
Processing by WorkoutSessionsController#index as HTML
  [1m[35m (0.0ms)[0m  [1m[34mSELECT sqlite_version(*)[0m
  â†³ app/controllers/workout_sessions_controller.rb:5:in `index'
  [1m[36mWorkoutSession Load (0.3ms)[0m  [1m[34mSELECT "workout_sessions".* FROM "workout_sessions"[0m
  â†³ app/controllers/workout_sessions_controller.rb:5:in `index'
Completed 200 OK in 3ms (Views: 2.9ms | ActiveRecord: 0.6ms | Allocations: 1488)


Started GET "/users" for ::1 at 2021-03-24 22:48:25 -0400
Processing by UsersController#index as HTML
  [1m[36mUser Load (0.2ms)[0m  [1m[34mSELECT "users".* FROM "users"[0m
  â†³ app/controllers/users_controller.rb:5:in `index'
Completed 200 OK in 6ms (Views: 3.3ms | ActiveRecord: 0.8ms | Allocations: 5185)


Started GET "/users" for ::1 at 2021-03-24 22:52:03 -0400
Processing by UsersController#index as HTML
  [1m[35m (0.0ms)[0m  [1m[34mSELECT sqlite_version(*)[0m
  â†³ app/controllers/users_controller.rb:5:in `index'
  [1m[36mUser Load (0.1ms)[0m  [1m[34mSELECT "users".* FROM "users"[0m
  â†³ app/controllers/users_controller.rb:5:in `index'
Completed 200 OK in 6ms (Views: 4.3ms | ActiveRecord: 0.9ms | Allocations: 5953)


Started GET "/workouts" for ::1 at 2021-03-24 22:52:09 -0400
Processing by WorkoutsController#index as HTML
  [1m[36mWorkout Load (0.3ms)[0m  [1m[34mSELECT "workouts".* FROM "workouts"[0m
  â†³ app/controllers/workouts_controller.rb:9:in `index'
Completed 200 OK in 7ms (Views: 5.0ms | ActiveRecord: 1.2ms | Allocations: 5288)


Started GET "/workouts" for ::1 at 2021-03-24 23:00:49 -0400
  
SyntaxError (/mnt/c/Users/JASON/dev/flatiron/projects/My_workout_app/backend/app/controllers/workouts_controller.rb:36: syntax error, unexpected end-of-input, expecting end):
  
app/controllers/workouts_controller.rb:36: syntax error, unexpected end-of-input, expecting end
app/controllers/workouts_controller.rb:36: syntax error, unexpected end-of-input, expecting end
Started GET "/workouts" for ::1 at 2021-03-24 23:01:00 -0400
Processing by WorkoutsController#index as HTML
  [1m[35m (0.0ms)[0m  [1m[34mSELECT sqlite_version(*)[0m
  â†³ app/controllers/workouts_controller.rb:33:in `find_workout_session'
  [1m[36mWorkoutSession Load (0.1ms)[0m  [1m[34mSELECT "workout_sessions".* FROM "workout_sessions" WHERE "workout_sessions"."id" IS NULL LIMIT ?[0m  [["LIMIT", 1]]
  â†³ app/controllers/workouts_controller.rb:33:in `find_workout_session'
  [1m[36mWorkout Load (0.1ms)[0m  [1m[34mSELECT "workouts".* FROM "workouts"[0m
  â†³ app/controllers/workouts_controller.rb:10:in `index'
Completed 200 OK in 8ms (Views: 3.3ms | ActiveRecord: 0.8ms | Allocations: 7484)


Started GET "/workout_sessions" for ::1 at 2021-03-24 23:01:11 -0400
Processing by WorkoutSessionsController#index as HTML
  [1m[36mWorkoutSession Load (0.2ms)[0m  [1m[34mSELECT "workout_sessions".* FROM "workout_sessions"[0m
  â†³ app/controllers/workout_sessions_controller.rb:5:in `index'
Completed 200 OK in 3ms (Views: 2.6ms | ActiveRecord: 0.4ms | Allocations: 3192)


Started GET "/workout_sessions" for ::1 at 2021-03-24 23:38:47 -0400
  [1m[35m (0.0ms)[0m  [1m[34mSELECT sqlite_version(*)[0m
  [1m[35m (0.1ms)[0m  [1m[34mSELECT "schema_migrations"."version" FROM "schema_migrations" ORDER BY "schema_migrations"."version" ASC[0m
  
SyntaxError (/mnt/c/Users/JASON/dev/flatiron/projects/My_workout_app/backend/app/controllers/application_controller.rb:12: syntax error, unexpected if, expecting ')'
        if auth_header
        ^~
/mnt/c/Users/JASON/dev/flatiron/projects/My_workout_app/backend/app/controllers/application_controller.rb:13: syntax error, unexpected ')', expecting end
            token = auth)header.split(' ')[1]
                        ^
/mnt/c/Users/JASON/dev/flatiron/projects/My_workout_app/backend/app/controllers/application_controller.rb:37: syntax error, unexpected end, expecting end-of-input):
  
app/controllers/application_controller.rb:12: syntax error, unexpected if, expecting ')'
app/controllers/application_controller.rb:13: syntax error, unexpected ')', expecting end
app/controllers/application_controller.rb:37: syntax error, unexpected end, expecting end-of-input
app/controllers/application_controller.rb:12: syntax error, unexpected if, expecting ')'
app/controllers/application_controller.rb:13: syntax error, unexpected ')', expecting end
app/controllers/application_controller.rb:37: syntax error, unexpected end, expecting end-of-input
app/controllers/workout_sessions_controller.rb:1:in `<main>'
Started GET "/workout_sessions" for ::1 at 2021-03-24 23:39:24 -0400
Processing by WorkoutSessionsController#index as HTML
Completed 500 Internal Server Error in 3ms (Allocations: 1477)


  
NoMethodError (undefined method `logged_in?' for #<WorkoutSessionsController:0x007f6ef50dbae0>
Did you mean?  logged_in):
  
app/controllers/application_controller.rb:34:in `authorized'
Started GET "/workout_sessions" for ::1 at 2021-03-24 23:39:49 -0400
Processing by WorkoutSessionsController#index as HTML
Filter chain halted as :authorized rendered or redirected
Completed 401 Unauthorized in 0ms (Views: 0.1ms | Allocations: 125)


Started GET "/" for ::1 at 2021-03-25 15:44:02 -0400
  [1m[35m (0.1ms)[0m  [1m[34mSELECT sqlite_version(*)[0m
  [1m[35m (0.2ms)[0m  [1m[34mSELECT "schema_migrations"."version" FROM "schema_migrations" ORDER BY "schema_migrations"."version" ASC[0m
Processing by Rails::WelcomeController#index as HTML
  Rendering /home/jasonpatino/.rvm/gems/ruby-2.6.1/gems/railties-6.1.3/lib/rails/templates/rails/welcome/index.html.erb
  Rendered /home/jasonpatino/.rvm/gems/ruby-2.6.1/gems/railties-6.1.3/lib/rails/templates/rails/welcome/index.html.erb (Duration: 26.2ms | Allocations: 195)
Completed 200 OK in 29ms (Views: 27.5ms | ActiveRecord: 0.0ms | Allocations: 761)


Started GET "/scores" for ::1 at 2021-03-25 15:44:07 -0400
  
ActionController::RoutingError (No route matches [GET] "/scores"):
  
Started GET "/users" for ::1 at 2021-03-25 15:44:14 -0400
Processing by UsersController#index as HTML
Filter chain halted as :authorized rendered or redirected
Completed 401 Unauthorized in 0ms (Views: 0.1ms | ActiveRecord: 0.0ms | Allocations: 129)


Started GET "/users" for ::1 at 2021-03-25 15:44:28 -0400
Processing by UsersController#index as HTML
Filter chain halted as :authorized rendered or redirected
Completed 401 Unauthorized in 0ms (Views: 0.1ms | ActiveRecord: 0.0ms | Allocations: 104)


Started GET "/users" for ::1 at 2021-03-25 15:44:31 -0400
Processing by UsersController#index as HTML
  [1m[35m (0.1ms)[0m  [1m[34mSELECT sqlite_version(*)[0m
  â†³ app/controllers/users_controller.rb:6:in `index'
  [1m[36mUser Load (0.1ms)[0m  [1m[34mSELECT "users".* FROM "users"[0m
  â†³ app/controllers/users_controller.rb:6:in `index'
Completed 200 OK in 9ms (Views: 6.4ms | ActiveRecord: 1.2ms | Allocations: 5949)


Started GET "/users" for ::1 at 2021-03-25 15:46:08 -0400
  [1m[35m (5.9ms)[0m  [1m[34mSELECT sqlite_version(*)[0m
  [1m[35m (0.3ms)[0m  [1m[34mSELECT "schema_migrations"."version" FROM "schema_migrations" ORDER BY "schema_migrations"."version" ASC[0m
Processing by UsersController#index as HTML
  [1m[36mUser Load (0.2ms)[0m  [1m[34mSELECT "users".* FROM "users"[0m
  â†³ app/controllers/users_controller.rb:6:in `index'
Completed 200 OK in 55ms (Views: 8.5ms | ActiveRecord: 0.9ms | Allocations: 8490)


Started GET "/workout_sessions" for ::1 at 2021-03-25 15:46:16 -0400
Processing by WorkoutSessionsController#index as HTML
Filter chain halted as :authorized rendered or redirected
Completed 401 Unauthorized in 0ms (Views: 0.1ms | ActiveRecord: 0.0ms | Allocations: 124)


Started GET "/workout_sessions" for ::1 at 2021-03-25 15:46:32 -0400
Processing by WorkoutSessionsController#index as HTML
  [1m[35m (0.1ms)[0m  [1m[34mSELECT sqlite_version(*)[0m
  â†³ app/controllers/workout_sessions_controller.rb:6:in `index'
  [1m[36mWorkoutSession Load (0.2ms)[0m  [1m[34mSELECT "workout_sessions".* FROM "workout_sessions"[0m
  â†³ app/controllers/workout_sessions_controller.rb:6:in `index'
Completed 200 OK in 24ms (Views: 6.7ms | ActiveRecord: 1.6ms | Allocations: 5755)


Started GET "/workout_sessions" for ::1 at 2021-03-25 15:47:27 -0400
Processing by WorkoutSessionsController#index as HTML
  [1m[35m (0.0ms)[0m  [1m[34mSELECT sqlite_version(*)[0m
  â†³ app/controllers/workout_sessions_controller.rb:6:in `index'
  [1m[36mWorkoutSession Load (0.1ms)[0m  [1m[34mSELECT "workout_sessions".* FROM "workout_sessions"[0m
  â†³ app/controllers/workout_sessions_controller.rb:6:in `index'
Completed 200 OK in 6ms (Views: 4.8ms | ActiveRecord: 1.0ms | Allocations: 5356)


Started GET "/workout_sessions" for ::1 at 2021-03-25 15:47:37 -0400
  [1m[35m (0.4ms)[0m  [1m[34mSELECT sqlite_version(*)[0m
  [1m[35m (0.2ms)[0m  [1m[34mSELECT "schema_migrations"."version" FROM "schema_migrations" ORDER BY "schema_migrations"."version" ASC[0m
Processing by WorkoutSessionsController#index as HTML
  [1m[36mWorkoutSession Load (0.2ms)[0m  [1m[34mSELECT "workout_sessions".* FROM "workout_sessions"[0m
  â†³ app/controllers/workout_sessions_controller.rb:6:in `index'
Completed 200 OK in 20ms (Views: 12.3ms | ActiveRecord: 0.9ms | Allocations: 8153)


Started GET "/workout_sessions" for ::1 at 2021-03-25 15:50:03 -0400
  [1m[35m (1.2ms)[0m  [1m[34mSELECT sqlite_version(*)[0m
  [1m[35m (0.2ms)[0m  [1m[34mSELECT "schema_migrations"."version" FROM "schema_migrations" ORDER BY "schema_migrations"."version" ASC[0m
Processing by WorkoutSessionsController#index as HTML
  [1m[36mWorkoutSession Load (0.3ms)[0m  [1m[34mSELECT "workout_sessions".* FROM "workout_sessions"[0m
  â†³ app/controllers/workout_sessions_controller.rb:6:in `index'
Completed 500 Internal Server Error in 40ms (ActiveRecord: 1.0ms | Allocations: 11403)


  
NameError (uninitialized constant ActiveRecord::Serializer
Did you mean?  ActiveRecord::Serialization):
  
app/serializers/workout_session_serializer.rb:1:in `<main>'
app/controllers/workout_sessions_controller.rb:6:in `index'
Started GET "/workout_sessions" for ::1 at 2021-03-25 15:51:59 -0400
Processing by WorkoutSessionsController#index as HTML
  [1m[35m (0.0ms)[0m  [1m[34mSELECT sqlite_version(*)[0m
  â†³ app/controllers/workout_sessions_controller.rb:6:in `index'
  [1m[36mWorkoutSession Load (0.1ms)[0m  [1m[34mSELECT "workout_sessions".* FROM "workout_sessions"[0m
  â†³ app/controllers/workout_sessions_controller.rb:6:in `index'
[active_model_serializers]   [1m[36mWorkout Load (0.2ms)[0m  [1m[34mSELECT "workouts".* FROM "workouts" WHERE "workouts"."workout_session_id" = ?[0m  [["workout_session_id", 4]]
[active_model_serializers]   â†³ app/controllers/workout_sessions_controller.rb:6:in `index'
[active_model_serializers]   [1m[36mWorkout Load (0.1ms)[0m  [1m[34mSELECT "workouts".* FROM "workouts" WHERE "workouts"."workout_session_id" = ?[0m  [["workout_session_id", 5]]
[active_model_serializers]   â†³ app/controllers/workout_sessions_controller.rb:6:in `index'
[active_model_serializers]   [1m[36mWorkout Load (0.1ms)[0m  [1m[34mSELECT "workouts".* FROM "workouts" WHERE "workouts"."workout_session_id" = ?[0m  [["workout_session_id", 6]]
[active_model_serializers]   â†³ app/controllers/workout_sessions_controller.rb:6:in `index'
[active_model_serializers] Rendered ActiveModel::Serializer::CollectionSerializer with ActiveModelSerializers::Adapter::Attributes (65.07ms)
Completed 200 OK in 154ms (Views: 152.0ms | ActiveRecord: 3.1ms | Allocations: 17475)


Started GET "/users" for ::1 at 2021-03-25 15:52:11 -0400
Processing by UsersController#index as HTML
  [1m[36mUser Load (0.2ms)[0m  [1m[34mSELECT "users".* FROM "users"[0m
  â†³ app/controllers/users_controller.rb:6:in `index'
[active_model_serializers]   [1m[36mWorkoutSession Load (0.2ms)[0m  [1m[34mSELECT "workout_sessions".* FROM "workout_sessions" WHERE "workout_sessions"."user_id" = ?[0m  [["user_id", 10]]
[active_model_serializers]   â†³ app/controllers/users_controller.rb:6:in `index'
[active_model_serializers]   [1m[36mWorkoutSession Load (0.1ms)[0m  [1m[34mSELECT "workout_sessions".* FROM "workout_sessions" WHERE "workout_sessions"."user_id" = ?[0m  [["user_id", 11]]
[active_model_serializers]   â†³ app/controllers/users_controller.rb:6:in `index'
[active_model_serializers]   [1m[36mWorkoutSession Load (0.1ms)[0m  [1m[34mSELECT "workout_sessions".* FROM "workout_sessions" WHERE "workout_sessions"."user_id" = ?[0m  [["user_id", 12]]
[active_model_serializers]   â†³ app/controllers/users_controller.rb:6:in `index'
[active_model_serializers] Rendered ActiveModel::Serializer::CollectionSerializer with ActiveModelSerializers::Adapter::Attributes (3.65ms)
Completed 200 OK in 51ms (Views: 47.9ms | ActiveRecord: 1.5ms | Allocations: 8471)


Started GET "/" for ::1 at 2021-03-25 17:31:20 -0400
  [1m[35m (1.0ms)[0m  [1m[34mSELECT sqlite_version(*)[0m
  [1m[35m (0.2ms)[0m  [1m[34mSELECT "schema_migrations"."version" FROM "schema_migrations" ORDER BY "schema_migrations"."version" ASC[0m
Processing by Rails::WelcomeController#index as HTML
  Rendering /home/jasonpatino/.rvm/gems/ruby-2.6.1/gems/railties-6.1.3/lib/rails/templates/rails/welcome/index.html.erb
  Rendered /home/jasonpatino/.rvm/gems/ruby-2.6.1/gems/railties-6.1.3/lib/rails/templates/rails/welcome/index.html.erb (Duration: 23.9ms | Allocations: 316)
Completed 200 OK in 50ms (Views: 26.8ms | ActiveRecord: 0.0ms | Allocations: 2541)


Started GET "/" for ::1 at 2021-03-25 17:31:47 -0400
Processing by Rails::WelcomeController#index as HTML
  Rendering /home/jasonpatino/.rvm/gems/ruby-2.6.1/gems/railties-6.1.3/lib/rails/templates/rails/welcome/index.html.erb
  Rendered /home/jasonpatino/.rvm/gems/ruby-2.6.1/gems/railties-6.1.3/lib/rails/templates/rails/welcome/index.html.erb (Duration: 4.5ms | Allocations: 191)
Completed 200 OK in 6ms (Views: 5.1ms | ActiveRecord: 0.0ms | Allocations: 753)


Started GET "/manifest.json" for ::1 at 2021-03-25 19:02:56 -0400
  
ActionController::RoutingError (No route matches [GET] "/manifest.json"):
  
Started GET "/static/js/bundle.js.map" for ::1 at 2021-03-25 19:02:56 -0400
  
ActionController::RoutingError (No route matches [GET] "/static/js/bundle.js.map"):
  
Started GET "/static/js/vendors~main.chunk.js.map" for ::1 at 2021-03-25 19:02:56 -0400
Started GET "/static/js/main.chunk.js.map" for ::1 at 2021-03-25 19:02:56 -0400
Started GET "/main.46e952f37fbb1ee71199.hot-update.js.map" for ::1 at 2021-03-25 19:02:56 -0400
  
ActionController::RoutingError (No route matches [GET] "/static/js/main.chunk.js.map"):
  
  
ActionController::RoutingError (No route matches [GET] "/static/js/vendors~main.chunk.js.map"):
  
  
ActionController::RoutingError (No route matches [GET] "/main.46e952f37fbb1ee71199.hot-update.js.map"):
  
Started GET "/main.b69055a9be70034f13c9.hot-update.js.map" for ::1 at 2021-03-25 19:02:56 -0400
  
ActionController::RoutingError (No route matches [GET] "/main.b69055a9be70034f13c9.hot-update.js.map"):
  
Started GET "/main.7416dd2a020c507e719b.hot-update.js.map" for ::1 at 2021-03-25 19:02:56 -0400
Started GET "/main.e3772f001958eb4572c8.hot-update.js.map" for ::1 at 2021-03-25 19:02:56 -0400
Started GET "/main.b388f1eb9355b1617694.hot-update.js.map" for ::1 at 2021-03-25 19:02:56 -0400
Started GET "/main.ac77d6eda68511fd6fa1.hot-update.js.map" for ::1 at 2021-03-25 19:02:56 -0400
  
ActionController::RoutingError (No route matches [GET] "/main.7416dd2a020c507e719b.hot-update.js.map"):
  
  
ActionController::RoutingError (No route matches [GET] "/main.e3772f001958eb4572c8.hot-update.js.map"):
  
  
ActionController::RoutingError (No route matches [GET] "/main.b388f1eb9355b1617694.hot-update.js.map"):
  
  
ActionController::RoutingError (No route matches [GET] "/main.ac77d6eda68511fd6fa1.hot-update.js.map"):
  
Started GET "/main.9668727300e2ffe659c1.hot-update.js.map" for ::1 at 2021-03-25 19:02:56 -0400
  
ActionController::RoutingError (No route matches [GET] "/main.9668727300e2ffe659c1.hot-update.js.map"):
  
Started GET "/main.632efab1eb14bdaa3bad.hot-update.js.map" for ::1 at 2021-03-25 19:02:56 -0400
Started GET "/main.768d3d1129365dff3118.hot-update.js.map" for ::1 at 2021-03-25 19:02:56 -0400
Started GET "/main.96e037e582b717e7974c.hot-update.js.map" for ::1 at 2021-03-25 19:02:56 -0400
  
ActionController::RoutingError (No route matches [GET] "/main.632efab1eb14bdaa3bad.hot-update.js.map"):
  
  
ActionController::RoutingError (No route matches [GET] "/main.768d3d1129365dff3118.hot-update.js.map"):
  
  
ActionController::RoutingError (No route matches [GET] "/main.96e037e582b717e7974c.hot-update.js.map"):
  
Started GET "/main.201f9a1c0bb888c1efdc.hot-update.js.map" for ::1 at 2021-03-25 19:02:56 -0400
  
ActionController::RoutingError (No route matches [GET] "/main.201f9a1c0bb888c1efdc.hot-update.js.map"):
  
Started GET "/" for ::1 at 2021-03-25 19:03:13 -0400
Processing by Rails::WelcomeController#index as HTML
  Rendering /home/jasonpatino/.rvm/gems/ruby-2.6.1/gems/railties-6.1.3/lib/rails/templates/rails/welcome/index.html.erb
  Rendered /home/jasonpatino/.rvm/gems/ruby-2.6.1/gems/railties-6.1.3/lib/rails/templates/rails/welcome/index.html.erb (Duration: 0.4ms | Allocations: 7)
Completed 200 OK in 1ms (Views: 0.6ms | Allocations: 308)


Started GET "/" for ::1 at 2021-03-25 19:03:58 -0400
Processing by Rails::WelcomeController#index as HTML
  Rendering /home/jasonpatino/.rvm/gems/ruby-2.6.1/gems/railties-6.1.3/lib/rails/templates/rails/welcome/index.html.erb
  Rendered /home/jasonpatino/.rvm/gems/ruby-2.6.1/gems/railties-6.1.3/lib/rails/templates/rails/welcome/index.html.erb (Duration: 0.3ms | Allocations: 7)
Completed 200 OK in 1ms (Views: 0.6ms | Allocations: 225)


Started GET "/" for ::1 at 2021-03-25 19:04:12 -0400
Processing by Rails::WelcomeController#index as HTML
  Rendering /home/jasonpatino/.rvm/gems/ruby-2.6.1/gems/railties-6.1.3/lib/rails/templates/rails/welcome/index.html.erb
  Rendered /home/jasonpatino/.rvm/gems/ruby-2.6.1/gems/railties-6.1.3/lib/rails/templates/rails/welcome/index.html.erb (Duration: 0.4ms | Allocations: 7)
Completed 200 OK in 1ms (Views: 0.8ms | Allocations: 226)


Started GET "/" for ::1 at 2021-03-25 19:07:23 -0400
Processing by Rails::WelcomeController#index as HTML
  Rendering /home/jasonpatino/.rvm/gems/ruby-2.6.1/gems/railties-6.1.3/lib/rails/templates/rails/welcome/index.html.erb
  Rendered /home/jasonpatino/.rvm/gems/ruby-2.6.1/gems/railties-6.1.3/lib/rails/templates/rails/welcome/index.html.erb (Duration: 0.4ms | Allocations: 7)
Completed 200 OK in 1ms (Views: 0.6ms | Allocations: 226)


Started GET "/" for ::1 at 2021-03-25 19:07:57 -0400
Processing by Rails::WelcomeController#index as HTML
  Rendering /home/jasonpatino/.rvm/gems/ruby-2.6.1/gems/railties-6.1.3/lib/rails/templates/rails/welcome/index.html.erb
  Rendered /home/jasonpatino/.rvm/gems/ruby-2.6.1/gems/railties-6.1.3/lib/rails/templates/rails/welcome/index.html.erb (Duration: 0.2ms | Allocations: 7)
Completed 200 OK in 1ms (Views: 0.7ms | Allocations: 225)


Started GET "/" for ::1 at 2021-03-25 19:09:24 -0400
Processing by Rails::WelcomeController#index as HTML
  Rendering /home/jasonpatino/.rvm/gems/ruby-2.6.1/gems/railties-6.1.3/lib/rails/templates/rails/welcome/index.html.erb
  Rendered /home/jasonpatino/.rvm/gems/ruby-2.6.1/gems/railties-6.1.3/lib/rails/templates/rails/welcome/index.html.erb (Duration: 0.3ms | Allocations: 7)
Completed 200 OK in 1ms (Views: 0.6ms | Allocations: 225)


Started POST "/login" for ::1 at 2021-03-25 19:14:17 -0400
  
ActionController::RoutingError (No route matches [POST] "/login"):
  
Started POST "/login" for ::1 at 2021-03-25 19:14:26 -0400
  
ActionController::RoutingError (No route matches [POST] "/login"):
  
Started POST "/authenticate" for ::1 at 2021-03-25 19:15:37 -0400
Processing by AuthController#create as JSON
  Parameters: {"_json"=>"Jason", "auth"=>{"_json"=>"Jason"}}
  [1m[35m (0.0ms)[0m  [1m[34mSELECT sqlite_version(*)[0m
  â†³ app/controllers/auth_controller.rb:5:in `create'
  [1m[36mUser Load (0.2ms)[0m  [1m[34mSELECT "users".* FROM "users" WHERE "users"."name" IS NULL LIMIT ?[0m  [["LIMIT", 1]]
  â†³ app/controllers/auth_controller.rb:5:in `create'
[active_model_serializers] Rendered ActiveModel::Serializer::Null with Hash (0.06ms)
Completed 401 Unauthorized in 21ms (Views: 12.1ms | ActiveRecord: 0.8ms | Allocations: 7274)


Started POST "/authenticate" for ::1 at 2021-03-25 19:15:47 -0400
Processing by AuthController#create as JSON
  Parameters: {"_json"=>"Jason", "auth"=>{"_json"=>"Jason"}}
  [1m[35m (0.0ms)[0m  [1m[34mSELECT sqlite_version(*)[0m
  â†³ app/controllers/auth_controller.rb:5:in `create'
  [1m[36mUser Load (0.1ms)[0m  [1m[34mSELECT "users".* FROM "users" WHERE "users"."name" IS NULL LIMIT ?[0m  [["LIMIT", 1]]
  â†³ app/controllers/auth_controller.rb:5:in `create'
[active_model_serializers] Rendered ActiveModel::Serializer::Null with Hash (0.04ms)
Completed 401 Unauthorized in 4ms (Views: 0.3ms | ActiveRecord: 0.6ms | Allocations: 3484)


Started POST "/authenticate" for ::1 at 2021-03-25 19:16:13 -0400
Processing by AuthController#create as JSON
  Parameters: {"_json"=>"Mike", "auth"=>{"_json"=>"Mike"}}
  [1m[36mUser Load (0.2ms)[0m  [1m[34mSELECT "users".* FROM "users" WHERE "users"."name" IS NULL LIMIT ?[0m  [["LIMIT", 1]]
  â†³ app/controllers/auth_controller.rb:5:in `create'
[active_model_serializers] Rendered ActiveModel::Serializer::Null with Hash (0.04ms)
Completed 401 Unauthorized in 1ms (Views: 0.3ms | ActiveRecord: 0.2ms | Allocations: 716)


Started POST "/authenticate" for ::1 at 2021-03-25 19:18:55 -0400
Processing by AuthController#create as JSON
  Parameters: {"_json"=>"jason", "auth"=>{"_json"=>"jason"}}
  [1m[36mUser Load (0.3ms)[0m  [1m[34mSELECT "users".* FROM "users" WHERE "users"."name" IS NULL LIMIT ?[0m  [["LIMIT", 1]]
  â†³ app/controllers/auth_controller.rb:5:in `create'
[active_model_serializers] Rendered ActiveModel::Serializer::Null with Hash (0.04ms)
Completed 401 Unauthorized in 2ms (Views: 0.3ms | ActiveRecord: 0.3ms | Allocations: 702)


Started POST "/authenticate" for ::1 at 2021-03-25 19:19:01 -0400
Processing by AuthController#create as JSON
  Parameters: {"_json"=>"Jason", "auth"=>{"_json"=>"Jason"}}
  [1m[36mUser Load (0.2ms)[0m  [1m[34mSELECT "users".* FROM "users" WHERE "users"."name" IS NULL LIMIT ?[0m  [["LIMIT", 1]]
  â†³ app/controllers/auth_controller.rb:5:in `create'
[active_model_serializers] Rendered ActiveModel::Serializer::Null with Hash (0.04ms)
Completed 401 Unauthorized in 1ms (Views: 0.3ms | ActiveRecord: 0.2ms | Allocations: 701)


Started POST "/authenticate" for ::1 at 2021-03-25 19:19:02 -0400
Processing by AuthController#create as JSON
  Parameters: {"_json"=>"Jason", "auth"=>{"_json"=>"Jason"}}
  [1m[36mUser Load (0.2ms)[0m  [1m[34mSELECT "users".* FROM "users" WHERE "users"."name" IS NULL LIMIT ?[0m  [["LIMIT", 1]]
  â†³ app/controllers/auth_controller.rb:5:in `create'
[active_model_serializers] Rendered ActiveModel::Serializer::Null with Hash (0.04ms)
Completed 401 Unauthorized in 1ms (Views: 0.3ms | ActiveRecord: 0.2ms | Allocations: 701)


Started POST "/authenticate" for ::1 at 2021-03-25 19:19:02 -0400
Processing by AuthController#create as JSON
  Parameters: {"_json"=>"Jason", "auth"=>{"_json"=>"Jason"}}
  [1m[36mUser Load (0.2ms)[0m  [1m[34mSELECT "users".* FROM "users" WHERE "users"."name" IS NULL LIMIT ?[0m  [["LIMIT", 1]]
  â†³ app/controllers/auth_controller.rb:5:in `create'
[active_model_serializers] Rendered ActiveModel::Serializer::Null with Hash (0.05ms)
Completed 401 Unauthorized in 2ms (Views: 0.3ms | ActiveRecord: 0.2ms | Allocations: 716)


Started POST "/authenticate" for ::1 at 2021-03-25 19:19:02 -0400
Processing by AuthController#create as JSON
  Parameters: {"_json"=>"Jason", "auth"=>{"_json"=>"Jason"}}
  [1m[36mUser Load (0.2ms)[0m  [1m[34mSELECT "users".* FROM "users" WHERE "users"."name" IS NULL LIMIT ?[0m  [["LIMIT", 1]]
  â†³ app/controllers/auth_controller.rb:5:in `create'
[active_model_serializers] Rendered ActiveModel::Serializer::Null with Hash (0.04ms)
Completed 401 Unauthorized in 1ms (Views: 0.3ms | ActiveRecord: 0.2ms | Allocations: 701)


Started GET "/users" for ::1 at 2021-03-25 19:19:42 -0400
Processing by UsersController#index as HTML
  [1m[36mUser Load (0.3ms)[0m  [1m[34mSELECT "users".* FROM "users"[0m
  â†³ app/controllers/users_controller.rb:6:in `index'
[active_model_serializers]   [1m[36mWorkoutSession Load (0.2ms)[0m  [1m[34mSELECT "workout_sessions".* FROM "workout_sessions" WHERE "workout_sessions"."user_id" = ?[0m  [["user_id", 10]]
[active_model_serializers]   â†³ app/controllers/users_controller.rb:6:in `index'
[active_model_serializers]   [1m[36mWorkoutSession Load (0.2ms)[0m  [1m[34mSELECT "workout_sessions".* FROM "workout_sessions" WHERE "workout_sessions"."user_id" = ?[0m  [["user_id", 11]]
[active_model_serializers]   â†³ app/controllers/users_controller.rb:6:in `index'
[active_model_serializers]   [1m[36mWorkoutSession Load (0.3ms)[0m  [1m[34mSELECT "workout_sessions".* FROM "workout_sessions" WHERE "workout_sessions"."user_id" = ?[0m  [["user_id", 12]]
[active_model_serializers]   â†³ app/controllers/users_controller.rb:6:in `index'
[active_model_serializers] Rendered ActiveModel::Serializer::CollectionSerializer with ActiveModelSerializers::Adapter::Attributes (23.33ms)
Completed 200 OK in 38ms (Views: 35.1ms | ActiveRecord: 2.3ms | Allocations: 14852)


Started POST "/authenticate" for ::1 at 2021-03-25 19:23:05 -0400
Processing by AuthController#create as JSON
  Parameters: {"_json"=>"Jason", "auth"=>{"_json"=>"Jason"}}
  [1m[35m (0.0ms)[0m  [1m[34mSELECT sqlite_version(*)[0m
  â†³ app/controllers/auth_controller.rb:5:in `create'
  [1m[36mUser Load (0.1ms)[0m  [1m[34mSELECT "users".* FROM "users" WHERE "users"."name" IS NULL LIMIT ?[0m  [["LIMIT", 1]]
  â†³ app/controllers/auth_controller.rb:5:in `create'
[active_model_serializers] Rendered ActiveModel::Serializer::Null with Hash (0.03ms)
Completed 401 Unauthorized in 4ms (Views: 0.3ms | ActiveRecord: 0.6ms | Allocations: 3445)


Started POST "/authenticate" for ::1 at 2021-03-25 19:24:40 -0400
Processing by AuthController#create as JSON
  Parameters: {"name"=>"Jason", "password"=>"[FILTERED]", "auth"=>{"name"=>"Jason", "password"=>"[FILTERED]"}}
  [1m[36mUser Load (0.2ms)[0m  [1m[34mSELECT "users".* FROM "users" WHERE "users"."name" = ? LIMIT ?[0m  [["name", "Jason"], ["LIMIT", 1]]
  â†³ app/controllers/auth_controller.rb:5:in `create'
[active_model_serializers] Rendered ActiveModel::Serializer::Null with Hash (0.04ms)
Completed 200 OK in 178ms (Views: 0.4ms | ActiveRecord: 0.8ms | Allocations: 3091)


Started POST "/authenticate" for ::1 at 2021-03-25 19:26:59 -0400
Processing by AuthController#create as JSON
  Parameters: {"name"=>"Jason", "password"=>"[FILTERED]", "auth"=>{"name"=>"Jason", "password"=>"[FILTERED]"}}
  [1m[36mUser Load (0.3ms)[0m  [1m[34mSELECT "users".* FROM "users" WHERE "users"."name" = ? LIMIT ?[0m  [["name", "Jason"], ["LIMIT", 1]]
  â†³ app/controllers/auth_controller.rb:5:in `create'
[active_model_serializers] Rendered ActiveModel::Serializer::Null with Hash (0.05ms)
Completed 401 Unauthorized in 172ms (Views: 0.5ms | ActiveRecord: 0.3ms | Allocations: 621)


Started POST "/authenticate" for ::1 at 2021-03-25 19:27:12 -0400
Processing by AuthController#create as JSON
  Parameters: {"name"=>"Jason", "password"=>"[FILTERED]", "auth"=>{"name"=>"Jason", "password"=>"[FILTERED]"}}
  [1m[36mUser Load (0.3ms)[0m  [1m[34mSELECT "users".* FROM "users" WHERE "users"."name" = ? LIMIT ?[0m  [["name", "Jason"], ["LIMIT", 1]]
  â†³ app/controllers/auth_controller.rb:5:in `create'
[active_model_serializers] Rendered ActiveModel::Serializer::Null with Hash (0.05ms)
Completed 200 OK in 175ms (Views: 0.4ms | ActiveRecord: 0.3ms | Allocations: 692)


Started POST "/authenticate" for ::1 at 2021-03-25 19:27:15 -0400
Processing by AuthController#create as JSON
  Parameters: {"name"=>"Jason", "password"=>"[FILTERED]", "auth"=>{"name"=>"Jason", "password"=>"[FILTERED]"}}
  [1m[36mUser Load (0.2ms)[0m  [1m[34mSELECT "users".* FROM "users" WHERE "users"."name" = ? LIMIT ?[0m  [["name", "Jason"], ["LIMIT", 1]]
  â†³ app/controllers/auth_controller.rb:5:in `create'
[active_model_serializers] Rendered ActiveModel::Serializer::Null with Hash (0.04ms)
Completed 401 Unauthorized in 170ms (Views: 0.3ms | ActiveRecord: 0.2ms | Allocations: 616)


Started POST "/authenticate" for ::1 at 2021-03-25 19:27:18 -0400
Processing by AuthController#create as JSON
  Parameters: {"name"=>"Jason", "password"=>"[FILTERED]", "auth"=>{"name"=>"Jason", "password"=>"[FILTERED]"}}
  [1m[36mUser Load (0.2ms)[0m  [1m[34mSELECT "users".* FROM "users" WHERE "users"."name" = ? LIMIT ?[0m  [["name", "Jason"], ["LIMIT", 1]]
  â†³ app/controllers/auth_controller.rb:5:in `create'
[active_model_serializers] Rendered ActiveModel::Serializer::Null with Hash (0.06ms)
Completed 401 Unauthorized in 170ms (Views: 0.4ms | ActiveRecord: 0.2ms | Allocations: 617)


Started POST "/authenticate" for ::1 at 2021-03-25 19:27:22 -0400
Processing by AuthController#create as JSON
  Parameters: {"name"=>"Jason", "password"=>"[FILTERED]", "auth"=>{"name"=>"Jason", "password"=>"[FILTERED]"}}
  [1m[36mUser Load (0.2ms)[0m  [1m[34mSELECT "users".* FROM "users" WHERE "users"."name" = ? LIMIT ?[0m  [["name", "Jason"], ["LIMIT", 1]]
  â†³ app/controllers/auth_controller.rb:5:in `create'
[active_model_serializers] Rendered ActiveModel::Serializer::Null with Hash (0.03ms)
Completed 200 OK in 173ms (Views: 0.4ms | ActiveRecord: 0.2ms | Allocations: 693)


Started POST "/authenticate" for ::1 at 2021-03-25 19:34:15 -0400
Processing by AuthController#create as JSON
  Parameters: {"name"=>"Jason", "password"=>"[FILTERED]", "auth"=>{"name"=>"Jason", "password"=>"[FILTERED]"}}
  [1m[35m (0.0ms)[0m  [1m[34mSELECT sqlite_version(*)[0m
  â†³ app/controllers/auth_controller.rb:5:in `create'
  [1m[36mUser Load (0.1ms)[0m  [1m[34mSELECT "users".* FROM "users" WHERE "users"."name" = ? LIMIT ?[0m  [["name", "Jason"], ["LIMIT", 1]]
  â†³ app/controllers/auth_controller.rb:5:in `create'
[active_model_serializers] Rendered ActiveModel::Serializer::Null with Hash (0.04ms)
Completed 200 OK in 171ms (Views: 0.4ms | ActiveRecord: 0.4ms | Allocations: 1155)


Started POST "/authenticate" for ::1 at 2021-03-25 19:34:17 -0400
Processing by AuthController#create as JSON
  Parameters: {"name"=>"Jason", "password"=>"[FILTERED]", "auth"=>{"name"=>"Jason", "password"=>"[FILTERED]"}}
  [1m[36mUser Load (0.2ms)[0m  [1m[34mSELECT "users".* FROM "users" WHERE "users"."name" = ? LIMIT ?[0m  [["name", "Jason"], ["LIMIT", 1]]
  â†³ app/controllers/auth_controller.rb:5:in `create'
[active_model_serializers] Rendered ActiveModel::Serializer::Null with Hash (0.04ms)
Completed 200 OK in 173ms (Views: 0.3ms | ActiveRecord: 0.2ms | Allocations: 692)


Started POST "/authenticate" for ::1 at 2021-03-25 19:34:19 -0400
Processing by AuthController#create as JSON
  Parameters: {"name"=>"Jason", "password"=>"[FILTERED]", "auth"=>{"name"=>"Jason", "password"=>"[FILTERED]"}}
  [1m[36mUser Load (0.2ms)[0m  [1m[34mSELECT "users".* FROM "users" WHERE "users"."name" = ? LIMIT ?[0m  [["name", "Jason"], ["LIMIT", 1]]
  â†³ app/controllers/auth_controller.rb:5:in `create'
[active_model_serializers] Rendered ActiveModel::Serializer::Null with Hash (0.04ms)
Completed 200 OK in 172ms (Views: 0.3ms | ActiveRecord: 0.2ms | Allocations: 692)


Started POST "/authenticate" for ::1 at 2021-03-25 19:34:29 -0400
Processing by AuthController#create as JSON
  Parameters: {"name"=>"Jason", "password"=>"[FILTERED]", "auth"=>{"name"=>"Jason", "password"=>"[FILTERED]"}}
  [1m[36mUser Load (0.2ms)[0m  [1m[34mSELECT "users".* FROM "users" WHERE "users"."name" = ? LIMIT ?[0m  [["name", "Jason"], ["LIMIT", 1]]
  â†³ app/controllers/auth_controller.rb:5:in `create'
[active_model_serializers] Rendered ActiveModel::Serializer::Null with Hash (0.04ms)
Completed 401 Unauthorized in 172ms (Views: 0.3ms | ActiveRecord: 0.2ms | Allocations: 617)


Started POST "/authenticate" for ::1 at 2021-03-25 19:34:33 -0400
Processing by AuthController#create as JSON
  Parameters: {"name"=>"Jason", "password"=>"[FILTERED]", "auth"=>{"name"=>"Jason", "password"=>"[FILTERED]"}}
  [1m[36mUser Load (0.2ms)[0m  [1m[34mSELECT "users".* FROM "users" WHERE "users"."name" = ? LIMIT ?[0m  [["name", "Jason"], ["LIMIT", 1]]
  â†³ app/controllers/auth_controller.rb:5:in `create'
[active_model_serializers] Rendered ActiveModel::Serializer::Null with Hash (0.04ms)
Completed 200 OK in 173ms (Views: 0.3ms | ActiveRecord: 0.2ms | Allocations: 692)


Started POST "/authenticate" for ::1 at 2021-03-25 19:35:20 -0400
Processing by AuthController#create as JSON
  Parameters: {"name"=>"Jason", "password"=>"[FILTERED]", "auth"=>{"name"=>"Jason", "password"=>"[FILTERED]"}}
  [1m[36mUser Load (0.2ms)[0m  [1m[34mSELECT "users".* FROM "users" WHERE "users"."name" = ? LIMIT ?[0m  [["name", "Jason"], ["LIMIT", 1]]
  â†³ app/controllers/auth_controller.rb:5:in `create'
[active_model_serializers] Rendered ActiveModel::Serializer::Null with Hash (0.05ms)
Completed 200 OK in 173ms (Views: 0.3ms | ActiveRecord: 0.2ms | Allocations: 693)


Started POST "/authenticate" for ::1 at 2021-03-25 19:35:34 -0400
Processing by AuthController#create as JSON
  Parameters: {"name"=>"Jason", "password"=>"[FILTERED]", "auth"=>{"name"=>"Jason", "password"=>"[FILTERED]"}}
  [1m[36mUser Load (0.2ms)[0m  [1m[34mSELECT "users".* FROM "users" WHERE "users"."name" = ? LIMIT ?[0m  [["name", "Jason"], ["LIMIT", 1]]
  â†³ app/controllers/auth_controller.rb:5:in `create'
[active_model_serializers] Rendered ActiveModel::Serializer::Null with Hash (0.04ms)
Completed 401 Unauthorized in 170ms (Views: 0.3ms | ActiveRecord: 0.2ms | Allocations: 616)


Started POST "/authenticate" for ::1 at 2021-03-25 19:35:38 -0400
Processing by AuthController#create as JSON
  Parameters: {"name"=>"Jason", "password"=>"[FILTERED]", "auth"=>{"name"=>"Jason", "password"=>"[FILTERED]"}}
  [1m[36mUser Load (0.2ms)[0m  [1m[34mSELECT "users".* FROM "users" WHERE "users"."name" = ? LIMIT ?[0m  [["name", "Jason"], ["LIMIT", 1]]
  â†³ app/controllers/auth_controller.rb:5:in `create'
[active_model_serializers] Rendered ActiveModel::Serializer::Null with Hash (0.04ms)
Completed 200 OK in 172ms (Views: 0.3ms | ActiveRecord: 0.2ms | Allocations: 692)


Started GET "/profile" for ::1 at 2021-03-25 19:48:11 -0400
  
ActionController::RoutingError (No route matches [GET] "/profile"):
  
Started GET "/profile" for ::1 at 2021-03-25 19:51:55 -0400
  
ActionController::RoutingError (No route matches [GET] "/profile"):
  
Started GET "/profile" for ::1 at 2021-03-25 19:54:34 -0400
  [1m[35m (0.1ms)[0m  [1m[34mSELECT sqlite_version(*)[0m
  [1m[35m (0.2ms)[0m  [1m[34mSELECT "schema_migrations"."version" FROM "schema_migrations" ORDER BY "schema_migrations"."version" ASC[0m
Processing by AuthController#profile as */*
[active_model_serializers] Rendered ActiveModel::Serializer::Null with Hash (0.06ms)
Filter chain halted as :authorized rendered or redirected
Completed 401 Unauthorized in 1ms (Views: 0.5ms | ActiveRecord: 0.0ms | Allocations: 378)


Started GET "/profile" for ::1 at 2021-03-25 19:58:14 -0400
Processing by AuthController#profile as */*
[active_model_serializers] Rendered ActiveModel::Serializer::Null with Hash (0.04ms)
Filter chain halted as :authorized rendered or redirected
Completed 401 Unauthorized in 1ms (Views: 0.3ms | ActiveRecord: 0.0ms | Allocations: 221)


Started POST "/authenticate" for ::1 at 2021-03-25 19:58:30 -0400
Processing by AuthController#create as JSON
  Parameters: {"name"=>"Jason", "password"=>"[FILTERED]", "auth"=>{"name"=>"Jason", "password"=>"[FILTERED]"}}
  [1m[36mUser Load (0.2ms)[0m  [1m[34mSELECT "users".* FROM "users" WHERE "users"."name" = ? LIMIT ?[0m  [["name", "Jason"], ["LIMIT", 1]]
  â†³ app/controllers/auth_controller.rb:5:in `create'
[active_model_serializers] Rendered ActiveModel::Serializer::Null with Hash (0.04ms)
Completed 200 OK in 179ms (Views: 0.3ms | ActiveRecord: 0.2ms | Allocations: 6176)


Started POST "/authenticate" for ::1 at 2021-03-25 19:58:32 -0400
Processing by AuthController#create as JSON
  Parameters: {"name"=>"Jason", "password"=>"[FILTERED]", "auth"=>{"name"=>"Jason", "password"=>"[FILTERED]"}}
  [1m[36mUser Load (0.2ms)[0m  [1m[34mSELECT "users".* FROM "users" WHERE "users"."name" = ? LIMIT ?[0m  [["name", "Jason"], ["LIMIT", 1]]
  â†³ app/controllers/auth_controller.rb:5:in `create'
[active_model_serializers] Rendered ActiveModel::Serializer::Null with Hash (0.04ms)
Completed 200 OK in 171ms (Views: 0.3ms | ActiveRecord: 0.2ms | Allocations: 692)


Started GET "/profile" for ::1 at 2021-03-25 19:58:39 -0400
Processing by AuthController#profile as */*
[active_model_serializers] Rendered ActiveModel::Serializer::Null with Hash (0.04ms)
Filter chain halted as :authorized rendered or redirected
Completed 401 Unauthorized in 0ms (Views: 0.3ms | ActiveRecord: 0.0ms | Allocations: 221)


Started POST "/authenticate" for ::1 at 2021-03-25 19:59:44 -0400
Processing by AuthController#create as JSON
  Parameters: {"name"=>"Jason", "password"=>"[FILTERED]", "auth"=>{"name"=>"Jason", "password"=>"[FILTERED]"}}
  [1m[36mUser Load (0.2ms)[0m  [1m[34mSELECT "users".* FROM "users" WHERE "users"."name" = ? LIMIT ?[0m  [["name", "Jason"], ["LIMIT", 1]]
  â†³ app/controllers/auth_controller.rb:5:in `create'
[active_model_serializers] Rendered ActiveModel::Serializer::Null with Hash (0.03ms)
Completed 200 OK in 172ms (Views: 0.3ms | ActiveRecord: 0.2ms | Allocations: 692)


Started GET "/profile" for ::1 at 2021-03-25 19:59:52 -0400
Processing by AuthController#profile as */*
[active_model_serializers] Rendered ActiveModel::Serializer::Null with Hash (0.03ms)
Filter chain halted as :authorized rendered or redirected
Completed 401 Unauthorized in 0ms (Views: 0.3ms | ActiveRecord: 0.0ms | Allocations: 221)


Started GET "/profile" for ::1 at 2021-03-25 20:00:34 -0400
Processing by AuthController#profile as */*
[active_model_serializers] Rendered ActiveModel::Serializer::Null with Hash (0.04ms)
Filter chain halted as :authorized rendered or redirected
Completed 401 Unauthorized in 0ms (Views: 0.3ms | ActiveRecord: 0.0ms | Allocations: 221)


Started GET "/profile" for ::1 at 2021-03-25 20:50:43 -0400
Processing by AuthController#profile as */*
Started GET "/profile" for ::1 at 2021-03-25 20:53:34 -0400
Completed 500 Internal Server Error in 170782ms (Allocations: 165452)


  
SystemExit (exit):
  
(byebug):1:in `exit'
(byebug):1:in `decode_token'
app/controllers/application_controller.rb:13:in `decode_token'
app/controllers/application_controller.rb:24:in `current_user'
app/controllers/application_controller.rb:35:in `authorized'
Processing by AuthController#profile as */*
Completed 500 Internal Server Error in 19378ms (Allocations: 12588)


  
SystemExit (exit):
  
(byebug):1:in `exit'
(byebug):1:in `decode_token'
app/controllers/application_controller.rb:13:in `decode_token'
app/controllers/application_controller.rb:24:in `current_user'
app/controllers/application_controller.rb:31:in `logged_in?'
app/controllers/application_controller.rb:35:in `authorized'
Started POST "/authenticate" for ::1 at 2021-03-25 20:55:55 -0400
  [1m[35m (0.9ms)[0m  [1m[34mSELECT sqlite_version(*)[0m
  [1m[35m (0.2ms)[0m  [1m[34mSELECT "schema_migrations"."version" FROM "schema_migrations" ORDER BY "schema_migrations"."version" ASC[0m
Processing by AuthController#create as JSON
  Parameters: {"name"=>"Jason", "password"=>"[FILTERED]", "auth"=>{"name"=>"Jason", "password"=>"[FILTERED]"}}
  [1m[36mUser Load (0.2ms)[0m  [1m[34mSELECT "users".* FROM "users" WHERE "users"."name" = ? LIMIT ?[0m  [["name", "Jason"], ["LIMIT", 1]]
  â†³ app/controllers/auth_controller.rb:5:in `create'
Started POST "/authenticate" for ::1 at 2021-03-25 20:57:58 -0400
  [1m[35m (0.8ms)[0m  [1m[34mSELECT sqlite_version(*)[0m
  [1m[35m (0.1ms)[0m  [1m[34mSELECT "schema_migrations"."version" FROM "schema_migrations" ORDER BY "schema_migrations"."version" ASC[0m
Processing by AuthController#create as JSON
  Parameters: {"name"=>"Jason", "password"=>"[FILTERED]", "auth"=>{"name"=>"Jason", "password"=>"[FILTERED]"}}
  [1m[36mUser Load (0.2ms)[0m  [1m[34mSELECT "users".* FROM "users" WHERE "users"."name" = ? LIMIT ?[0m  [["name", "Jason"], ["LIMIT", 1]]
  â†³ app/controllers/auth_controller.rb:5:in `create'
Started POST "/authenticate" for ::1 at 2021-03-25 20:58:19 -0400
  [1m[35m (0.8ms)[0m  [1m[34mSELECT sqlite_version(*)[0m
  [1m[35m (0.2ms)[0m  [1m[34mSELECT "schema_migrations"."version" FROM "schema_migrations" ORDER BY "schema_migrations"."version" ASC[0m
Processing by AuthController#create as JSON
  Parameters: {"name"=>"Jason", "password"=>"[FILTERED]", "auth"=>{"name"=>"Jason", "password"=>"[FILTERED]"}}
  [1m[36mUser Load (0.2ms)[0m  [1m[34mSELECT "users".* FROM "users" WHERE "users"."name" = ? LIMIT ?[0m  [["name", "Jason"], ["LIMIT", 1]]
  â†³ app/controllers/auth_controller.rb:5:in `create'
[active_model_serializers] Rendered ActiveModel::Serializer::Null with Hash (0.05ms)
Completed 200 OK in 184ms (Views: 1.2ms | ActiveRecord: 0.7ms | Allocations: 9793)


Started GET "/profile" for ::1 at 2021-03-25 20:58:28 -0400
Processing by AuthController#profile as */*
Completed 500 Internal Server Error in 1ms (ActiveRecord: 0.0ms | Allocations: 669)


  
NoMethodError (undefined method `[]' for nil:NilClass):
  
app/controllers/application_controller.rb:24:in `current_user'
app/controllers/application_controller.rb:30:in `logged_in?'
app/controllers/application_controller.rb:34:in `authorized'
Started GET "/profile" for ::1 at 2021-03-25 21:07:28 -0400
  [1m[35m (0.1ms)[0m  [1m[34mSELECT sqlite_version(*)[0m
  [1m[35m (0.1ms)[0m  [1m[34mSELECT "schema_migrations"."version" FROM "schema_migrations" ORDER BY "schema_migrations"."version" ASC[0m
Processing by AuthController#profile as */*
Completed 500 Internal Server Error in 3ms (ActiveRecord: 0.0ms | Allocations: 1575)


  
NameError (undefined local variable or method `buybug' for #<AuthController:0x007faf0823b8b0>
Did you mean?  byebug):
  
app/controllers/application_controller.rb:12:in `decode_token'
app/controllers/application_controller.rb:24:in `current_user'
app/controllers/application_controller.rb:31:in `logged_in?'
app/controllers/application_controller.rb:35:in `authorized'
Started GET "/profile" for ::1 at 2021-03-25 21:07:39 -0400
Processing by AuthController#profile as */*
Completed 500 Internal Server Error in 2ms (ActiveRecord: 0.0ms | Allocations: 1549)


  
NameError (undefined local variable or method `buybug' for #<AuthController:0x007faf0c00ef98>
Did you mean?  byebug):
  
app/controllers/application_controller.rb:12:in `decode_token'
app/controllers/application_controller.rb:24:in `current_user'
app/controllers/application_controller.rb:31:in `logged_in?'
app/controllers/application_controller.rb:35:in `authorized'
Started GET "/profile" for ::1 at 2021-03-25 21:07:59 -0400
Processing by AuthController#profile as */*
Completed 500 Internal Server Error in 97333ms (Allocations: 47458)


  
NoMethodError (undefined method `[]' for nil:NilClass):
  
app/controllers/application_controller.rb:25:in `current_user'
app/controllers/application_controller.rb:31:in `logged_in?'
app/controllers/application_controller.rb:35:in `authorized'
Started GET "/profile" for ::1 at 2021-03-25 21:09:36 -0400
Processing by AuthController#profile as */*
Completed 500 Internal Server Error in 700ms (Allocations: 5133)


  
NoMethodError (undefined method `[]' for nil:NilClass):
  
app/controllers/application_controller.rb:25:in `current_user'
app/controllers/application_controller.rb:31:in `logged_in?'
app/controllers/application_controller.rb:35:in `authorized'
Started GET "/profile" for ::1 at 2021-03-25 21:09:47 -0400
Processing by AuthController#profile as */*
Completed 500 Internal Server Error in 26389ms (Allocations: 6160)


  
NoMethodError (undefined method `[]' for nil:NilClass):
  
app/controllers/application_controller.rb:25:in `current_user'
app/controllers/application_controller.rb:31:in `logged_in?'
app/controllers/application_controller.rb:35:in `authorized'
Started POST "/authenticate" for ::1 at 2021-03-25 21:12:02 -0400
  
SyntaxError (/mnt/c/Users/JASON/dev/flatiron/projects/My_workout_app/backend/app/controllers/application_controller.rb:15: syntax error, unexpected ']'
            ]   byebug
            ^
/mnt/c/Users/JASON/dev/flatiron/projects/My_workout_app/backend/app/controllers/application_controller.rb:35: syntax error, unexpected tLAMBEG
        render json: {message: 'You are not authori...
                     ^
/mnt/c/Users/JASON/dev/flatiron/projects/My_workout_app/backend/app/controllers/application_controller.rb:35: syntax error, unexpected '}', expecting end
...sage: 'You are not authorized'}, status: :unauthorized unles...
...                              ^):
  
app/controllers/application_controller.rb:15: syntax error, unexpected ']'
app/controllers/application_controller.rb:35: syntax error, unexpected tLAMBEG
app/controllers/application_controller.rb:35: syntax error, unexpected '}', expecting end
app/controllers/application_controller.rb:15: syntax error, unexpected ']'
app/controllers/application_controller.rb:35: syntax error, unexpected tLAMBEG
app/controllers/application_controller.rb:35: syntax error, unexpected '}', expecting end
app/controllers/auth_controller.rb:1:in `<main>'
Started POST "/authenticate" for ::1 at 2021-03-25 21:12:46 -0400
Processing by AuthController#create as JSON
  Parameters: {"name"=>"Jason", "password"=>"[FILTERED]", "auth"=>{"name"=>"Jason", "password"=>"[FILTERED]"}}
  [1m[35m (0.0ms)[0m  [1m[34mSELECT sqlite_version(*)[0m
  â†³ app/controllers/auth_controller.rb:5:in `create'
  [1m[36mUser Load (0.1ms)[0m  [1m[34mSELECT "users".* FROM "users" WHERE "users"."name" = ? LIMIT ?[0m  [["name", "Jason"], ["LIMIT", 1]]
  â†³ app/controllers/auth_controller.rb:5:in `create'
[active_model_serializers] Rendered ActiveModel::Serializer::Null with Hash (0.04ms)
Completed 200 OK in 179ms (Views: 0.5ms | ActiveRecord: 1.2ms | Allocations: 5886)


Started GET "/profile" for ::1 at 2021-03-25 21:13:00 -0400
Processing by AuthController#profile as */*
Completed 500 Internal Server Error in 29354ms (ActiveRecord: 0.0ms | Allocations: 7230)


  
NoMethodError (undefined method `[]' for nil:NilClass):
  
app/controllers/application_controller.rb:25:in `current_user'
app/controllers/application_controller.rb:31:in `logged_in?'
app/controllers/application_controller.rb:35:in `authorized'
Started POST "/authenticate" for ::1 at 2021-03-25 21:17:33 -0400
Processing by AuthController#create as JSON
  Parameters: {"name"=>"Jason", "password"=>"[FILTERED]", "auth"=>{"name"=>"Jason", "password"=>"[FILTERED]"}}
  [1m[36mUser Load (0.2ms)[0m  [1m[34mSELECT "users".* FROM "users" WHERE "users"."name" = ? LIMIT ?[0m  [["name", "Jason"], ["LIMIT", 1]]
  â†³ app/controllers/auth_controller.rb:5:in `create'
[active_model_serializers] Rendered ActiveModel::Serializer::Null with Hash (0.05ms)
Completed 200 OK in 172ms (Views: 0.4ms | ActiveRecord: 0.2ms | Allocations: 692)


Started GET "/profile" for ::1 at 2021-03-25 21:18:12 -0400
Processing by AuthController#profile as */*
Completed 500 Internal Server Error in 20410ms (ActiveRecord: 0.0ms | Allocations: 7092)


  
NoMethodError (undefined method `[]' for nil:NilClass):
  
app/controllers/application_controller.rb:25:in `current_user'
app/controllers/application_controller.rb:31:in `logged_in?'
app/controllers/application_controller.rb:35:in `authorized'
Started POST "/authenticate" for ::1 at 2021-03-25 21:23:49 -0400
Processing by AuthController#create as JSON
  Parameters: {"name"=>"Jason", "password"=>"[FILTERED]", "auth"=>{"name"=>"Jason", "password"=>"[FILTERED]"}}
  [1m[35m (0.0ms)[0m  [1m[34mSELECT sqlite_version(*)[0m
  â†³ app/controllers/auth_controller.rb:5:in `create'
  [1m[36mUser Load (0.2ms)[0m  [1m[34mSELECT "users".* FROM "users" WHERE "users"."name" = ? LIMIT ?[0m  [["name", "Jason"], ["LIMIT", 1]]
  â†³ app/controllers/auth_controller.rb:5:in `create'
[active_model_serializers] Rendered ActiveModel::Serializer::Null with Hash (0.05ms)
Completed 200 OK in 177ms (Views: 0.5ms | ActiveRecord: 0.4ms | Allocations: 5461)


Started GET "/profile" for ::1 at 2021-03-25 21:23:58 -0400
Processing by AuthController#profile as */*
Completed 500 Internal Server Error in 1ms (ActiveRecord: 0.0ms | Allocations: 656)


  
NoMethodError (undefined method `[]' for nil:NilClass):
  
app/controllers/application_controller.rb:24:in `current_user'
app/controllers/application_controller.rb:30:in `logged_in?'
app/controllers/application_controller.rb:34:in `authorized'
Started GET "/profile" for ::1 at 2021-03-25 21:29:00 -0400
Processing by AuthController#profile as */*
Completed 500 Internal Server Error in 1ms (ActiveRecord: 0.0ms | Allocations: 655)


  
NoMethodError (undefined method `[]' for nil:NilClass):
  
app/controllers/application_controller.rb:24:in `current_user'
app/controllers/application_controller.rb:30:in `logged_in?'
app/controllers/application_controller.rb:34:in `authorized'
Started GET "/profile" for ::1 at 2021-03-25 21:29:15 -0400
Processing by AuthController#profile as */*
Completed 500 Internal Server Error in 1ms (ActiveRecord: 0.0ms | Allocations: 655)


  
NoMethodError (undefined method `[]' for nil:NilClass):
  
app/controllers/application_controller.rb:24:in `current_user'
app/controllers/application_controller.rb:30:in `logged_in?'
app/controllers/application_controller.rb:34:in `authorized'
Started GET "/profile" for ::1 at 2021-03-25 21:29:44 -0400
Processing by AuthController#profile as */*
Completed 500 Internal Server Error in 1ms (Allocations: 655)


  
NoMethodError (undefined method `[]' for nil:NilClass):
  
app/controllers/application_controller.rb:24:in `current_user'
app/controllers/application_controller.rb:30:in `logged_in?'
app/controllers/application_controller.rb:34:in `authorized'
Started GET "/profile" for ::1 at 2021-03-25 21:32:15 -0400
Processing by AuthController#profile as */*
Completed 500 Internal Server Error in 1ms (Allocations: 656)


  
NoMethodError (undefined method `[]' for nil:NilClass):
  
app/controllers/application_controller.rb:24:in `current_user'
app/controllers/application_controller.rb:30:in `logged_in?'
app/controllers/application_controller.rb:34:in `authorized'
Started GET "/profile" for ::1 at 2021-03-25 21:32:43 -0400
Processing by AuthController#profile as */*
Completed 500 Internal Server Error in 1ms (Allocations: 655)


  
NoMethodError (undefined method `[]' for nil:NilClass):
  
app/controllers/application_controller.rb:24:in `current_user'
app/controllers/application_controller.rb:30:in `logged_in?'
app/controllers/application_controller.rb:34:in `authorized'
Started GET "/profile" for ::1 at 2021-03-25 21:33:26 -0400
Processing by AuthController#profile as */*
Completed 500 Internal Server Error in 1ms (Allocations: 655)


  
NoMethodError (undefined method `[]' for nil:NilClass):
  
app/controllers/application_controller.rb:24:in `current_user'
app/controllers/application_controller.rb:30:in `logged_in?'
app/controllers/application_controller.rb:34:in `authorized'
Started GET "/profile" for ::1 at 2021-03-25 21:33:28 -0400
Processing by AuthController#profile as */*
Completed 500 Internal Server Error in 1ms (Allocations: 655)


  
NoMethodError (undefined method `[]' for nil:NilClass):
  
app/controllers/application_controller.rb:24:in `current_user'
app/controllers/application_controller.rb:30:in `logged_in?'
app/controllers/application_controller.rb:34:in `authorized'
Started GET "/profile" for ::1 at 2021-03-25 21:34:11 -0400
Processing by AuthController#profile as */*
Completed 500 Internal Server Error in 1ms (Allocations: 675)


  
NoMethodError (undefined method `[]' for nil:NilClass):
  
app/controllers/application_controller.rb:24:in `current_user'
app/controllers/application_controller.rb:30:in `logged_in?'
app/controllers/application_controller.rb:34:in `authorized'
Started GET "/profile" for ::1 at 2021-03-25 21:34:37 -0400
Processing by AuthController#profile as */*
  [1m[35m (0.1ms)[0m  [1m[34mSELECT sqlite_version(*)[0m
  â†³ app/controllers/application_controller.rb:25:in `current_user'
  [1m[36mUser Load (0.3ms)[0m  [1m[34mSELECT "users".* FROM "users" WHERE "users"."id" = ? LIMIT ?[0m  [["id", 10], ["LIMIT", 1]]
  â†³ app/controllers/application_controller.rb:25:in `current_user'
  [1m[36mCACHE User Load (0.0ms)[0m  [1m[34mSELECT "users".* FROM "users" WHERE "users"."id" = ? LIMIT ?[0m  [["id", 10], ["LIMIT", 1]]
  â†³ app/controllers/application_controller.rb:25:in `current_user'
[active_model_serializers]   [1m[36mWorkoutSession Load (0.2ms)[0m  [1m[34mSELECT "workout_sessions".* FROM "workout_sessions" WHERE "workout_sessions"."user_id" = ?[0m  [["user_id", 10]]
[active_model_serializers]   â†³ app/controllers/auth_controller.rb:16:in `profile'
[active_model_serializers] Rendered UserSerializer with ActiveModelSerializers::Adapter::Attributes (16.44ms)
Completed 200 OK in 30ms (Views: 20.6ms | ActiveRecord: 1.7ms | Allocations: 14401)


Started GET "/profile" for ::1 at 2021-03-25 21:35:20 -0400
Processing by AuthController#profile as */*
  [1m[35m (0.1ms)[0m  [1m[34mSELECT sqlite_version(*)[0m
  â†³ app/controllers/application_controller.rb:25:in `current_user'
  [1m[36mUser Load (0.7ms)[0m  [1m[34mSELECT "users".* FROM "users" WHERE "users"."id" = ? LIMIT ?[0m  [["id", nil], ["LIMIT", 1]]
  â†³ app/controllers/application_controller.rb:25:in `current_user'
  [1m[36mCACHE User Load (0.0ms)[0m  [1m[34mSELECT "users".* FROM "users" WHERE "users"."id" = ? LIMIT ?[0m  [["id", nil], ["LIMIT", 1]]
  â†³ app/controllers/application_controller.rb:25:in `current_user'
[active_model_serializers] Rendered ActiveModel::Serializer::Null with Hash (0.06ms)
Filter chain halted as :authorized rendered or redirected
Completed 401 Unauthorized in 14ms (Views: 1.4ms | ActiveRecord: 1.8ms | Allocations: 4479)


Started POST "/authenticate" for ::1 at 2021-03-25 21:35:39 -0400
Processing by AuthController#create as JSON
  Parameters: {"name"=>"Jason", "password"=>"[FILTERED]", "auth"=>{"name"=>"Jason", "password"=>"[FILTERED]"}}
  [1m[36mUser Load (0.3ms)[0m  [1m[34mSELECT "users".* FROM "users" WHERE "users"."username" IS NULL LIMIT ?[0m  [["LIMIT", 1]]
  â†³ app/controllers/auth_controller.rb:6:in `create'
Completed 500 Internal Server Error in 1ms (ActiveRecord: 0.3ms | Allocations: 671)


  
ActiveRecord::StatementInvalid (SQLite3::SQLException: no such column: users.username):
  
app/controllers/auth_controller.rb:6:in `create'
Started GET "/profile" for ::1 at 2021-03-25 21:35:47 -0400
Processing by AuthController#profile as */*
[active_model_serializers] Rendered ActiveModel::Serializer::Null with Hash (0.04ms)
Filter chain halted as :authorized rendered or redirected
Completed 401 Unauthorized in 0ms (Views: 0.3ms | ActiveRecord: 0.0ms | Allocations: 219)


Started GET "/profile" for ::1 at 2021-03-25 21:37:52 -0400
Processing by AuthController#profile as */*
[active_model_serializers] Rendered ActiveModel::Serializer::Null with Hash (0.05ms)
Filter chain halted as :authorized rendered or redirected
Completed 401 Unauthorized in 1ms (Views: 0.4ms | Allocations: 373)


Started POST "/authenticate" for ::1 at 2021-03-25 21:38:03 -0400
Processing by AuthController#create as JSON
  Parameters: {"name"=>"Jason", "password"=>"[FILTERED]", "auth"=>{"name"=>"Jason", "password"=>"[FILTERED]"}}
  [1m[35m (0.0ms)[0m  [1m[34mSELECT sqlite_version(*)[0m
  â†³ app/controllers/auth_controller.rb:6:in `create'
  [1m[36mUser Load (0.3ms)[0m  [1m[34mSELECT "users".* FROM "users" WHERE "users"."username" IS NULL LIMIT ?[0m  [["LIMIT", 1]]
  â†³ app/controllers/auth_controller.rb:6:in `create'
Completed 500 Internal Server Error in 5ms (ActiveRecord: 0.9ms | Allocations: 3239)


  
ActiveRecord::StatementInvalid (SQLite3::SQLException: no such column: users.username):
  
app/controllers/auth_controller.rb:6:in `create'
Started POST "/authenticate" for ::1 at 2021-03-25 21:38:16 -0400
Processing by AuthController#create as JSON
  Parameters: {"name"=>"Jason", "password"=>"[FILTERED]", "auth"=>{"name"=>"Jason", "password"=>"[FILTERED]"}}
  [1m[36mUser Load (0.3ms)[0m  [1m[34mSELECT "users".* FROM "users" WHERE "users"."username" IS NULL LIMIT ?[0m  [["LIMIT", 1]]
  â†³ app/controllers/auth_controller.rb:6:in `create'
Completed 500 Internal Server Error in 1ms (ActiveRecord: 0.3ms | Allocations: 656)


  
ActiveRecord::StatementInvalid (SQLite3::SQLException: no such column: users.username):
  
app/controllers/auth_controller.rb:6:in `create'
Started POST "/authenticate" for ::1 at 2021-03-25 21:38:59 -0400
Processing by AuthController#create as JSON
  Parameters: {"name"=>"Jason", "password"=>"[FILTERED]", "auth"=>{"name"=>"Jason", "password"=>"[FILTERED]"}}
  [1m[35m (0.0ms)[0m  [1m[34mSELECT sqlite_version(*)[0m
  â†³ app/controllers/auth_controller.rb:5:in `create'
  [1m[36mUser Load (0.1ms)[0m  [1m[34mSELECT "users".* FROM "users" WHERE "users"."name" = ? LIMIT ?[0m  [["name", "Jason"], ["LIMIT", 1]]
  â†³ app/controllers/auth_controller.rb:5:in `create'
[active_model_serializers] Rendered ActiveModel::Serializer::Null with Hash (0.04ms)
Completed 200 OK in 177ms (Views: 0.5ms | ActiveRecord: 1.1ms | Allocations: 5862)


Started GET "/profile" for ::1 at 2021-03-25 21:39:11 -0400
Processing by AuthController#profile as */*
  [1m[36mUser Load (0.2ms)[0m  [1m[34mSELECT "users".* FROM "users" WHERE "users"."id" = ? LIMIT ?[0m  [["id", 10], ["LIMIT", 1]]
  â†³ app/controllers/application_controller.rb:25:in `current_user'
  [1m[36mCACHE User Load (0.0ms)[0m  [1m[34mSELECT "users".* FROM "users" WHERE "users"."id" = ? LIMIT ?[0m  [["id", 10], ["LIMIT", 1]]
  â†³ app/controllers/application_controller.rb:25:in `current_user'
[active_model_serializers]   [1m[36mWorkoutSession Load (0.1ms)[0m  [1m[34mSELECT "workout_sessions".* FROM "workout_sessions" WHERE "workout_sessions"."user_id" = ?[0m  [["user_id", 10]]
[active_model_serializers]   â†³ app/controllers/auth_controller.rb:16:in `profile'
[active_model_serializers] Rendered UserSerializer with ActiveModelSerializers::Adapter::Attributes (6.83ms)
Completed 200 OK in 23509ms (Views: 16.4ms | ActiveRecord: 1.1ms | Allocations: 10752)


Started GET "/profile" for ::1 at 2021-03-25 21:40:17 -0400
Processing by AuthController#profile as */*
  [1m[35m (0.1ms)[0m  [1m[34mSELECT sqlite_version(*)[0m
  â†³ app/controllers/application_controller.rb:25:in `current_user'
  [1m[36mUser Load (0.3ms)[0m  [1m[34mSELECT "users".* FROM "users" WHERE "users"."id" = ? LIMIT ?[0m  [["id", 10], ["LIMIT", 1]]
  â†³ app/controllers/application_controller.rb:25:in `current_user'
  [1m[36mCACHE User Load (0.0ms)[0m  [1m[34mSELECT "users".* FROM "users" WHERE "users"."id" = ? LIMIT ?[0m  [["id", 10], ["LIMIT", 1]]
  â†³ app/controllers/application_controller.rb:25:in `current_user'
[active_model_serializers]   [1m[36mWorkoutSession Load (0.1ms)[0m  [1m[34mSELECT "workout_sessions".* FROM "workout_sessions" WHERE "workout_sessions"."user_id" = ?[0m  [["user_id", 10]]
[active_model_serializers]   â†³ app/controllers/auth_controller.rb:15:in `profile'
[active_model_serializers] Rendered UserSerializer with ActiveModelSerializers::Adapter::Attributes (6.98ms)
Completed 200 OK in 19ms (Views: 8.1ms | ActiveRecord: 2.8ms | Allocations: 11653)


Started GET "/profile" for ::1 at 2021-03-25 21:40:32 -0400
Processing by AuthController#profile as */*
  [1m[36mUser Load (0.1ms)[0m  [1m[34mSELECT "users".* FROM "users" WHERE "users"."id" = ? LIMIT ?[0m  [["id", 10], ["LIMIT", 1]]
  â†³ app/controllers/application_controller.rb:25:in `current_user'
  [1m[36mCACHE User Load (0.0ms)[0m  [1m[34mSELECT "users".* FROM "users" WHERE "users"."id" = ? LIMIT ?[0m  [["id", 10], ["LIMIT", 1]]
  â†³ app/controllers/application_controller.rb:25:in `current_user'
[active_model_serializers]   [1m[36mWorkoutSession Load (0.1ms)[0m  [1m[34mSELECT "workout_sessions".* FROM "workout_sessions" WHERE "workout_sessions"."user_id" = ?[0m  [["user_id", 10]]
[active_model_serializers]   â†³ app/controllers/auth_controller.rb:15:in `profile'
[active_model_serializers] Rendered UserSerializer with ActiveModelSerializers::Adapter::Attributes (1.37ms)
Completed 200 OK in 3ms (Views: 1.9ms | ActiveRecord: 0.3ms | Allocations: 2515)


Started POST "/authenticate" for ::1 at 2021-03-25 21:40:54 -0400
Processing by AuthController#create as JSON
  Parameters: {"name"=>"Jason", "password"=>"[FILTERED]", "auth"=>{"name"=>"Jason", "password"=>"[FILTERED]"}}
  [1m[36mUser Load (0.2ms)[0m  [1m[34mSELECT "users".* FROM "users" WHERE "users"."name" = ? LIMIT ?[0m  [["name", "Jason"], ["LIMIT", 1]]
  â†³ app/controllers/auth_controller.rb:5:in `create'
[active_model_serializers] Rendered ActiveModel::Serializer::Null with Hash (0.04ms)
Completed 200 OK in 171ms (Views: 0.5ms | ActiveRecord: 0.2ms | Allocations: 928)


Started GET "/profile" for ::1 at 2021-03-25 21:41:01 -0400
Processing by AuthController#profile as */*
  [1m[36mUser Load (0.1ms)[0m  [1m[34mSELECT "users".* FROM "users" WHERE "users"."id" = ? LIMIT ?[0m  [["id", 10], ["LIMIT", 1]]
  â†³ app/controllers/application_controller.rb:25:in `current_user'
  [1m[36mCACHE User Load (0.0ms)[0m  [1m[34mSELECT "users".* FROM "users" WHERE "users"."id" = ? LIMIT ?[0m  [["id", 10], ["LIMIT", 1]]
  â†³ app/controllers/application_controller.rb:25:in `current_user'
[active_model_serializers]   [1m[36mWorkoutSession Load (0.1ms)[0m  [1m[34mSELECT "workout_sessions".* FROM "workout_sessions" WHERE "workout_sessions"."user_id" = ?[0m  [["user_id", 10]]
[active_model_serializers]   â†³ app/controllers/auth_controller.rb:15:in `profile'
[active_model_serializers] Rendered UserSerializer with ActiveModelSerializers::Adapter::Attributes (1.31ms)
Completed 200 OK in 3ms (Views: 1.9ms | ActiveRecord: 0.3ms | Allocations: 2516)


Started GET "/profile" for ::1 at 2021-03-25 21:41:13 -0400
Processing by AuthController#profile as */*
[active_model_serializers] Rendered ActiveModel::Serializer::Null with Hash (0.05ms)
Filter chain halted as :authorized rendered or redirected
Completed 401 Unauthorized in 1ms (Views: 0.7ms | Allocations: 371)


Started GET "/profile" for ::1 at 2021-03-25 21:41:21 -0400
Processing by AuthController#profile as */*
[active_model_serializers] Rendered ActiveModel::Serializer::Null with Hash (0.05ms)
Filter chain halted as :authorized rendered or redirected
Completed 401 Unauthorized in 1ms (Views: 0.6ms | Allocations: 365)


Started GET "/profile" for ::1 at 2021-03-25 21:41:30 -0400
Processing by AuthController#profile as */*
[active_model_serializers] Rendered ActiveModel::Serializer::Null with Hash (0.05ms)
Filter chain halted as :authorized rendered or redirected
Completed 401 Unauthorized in 1ms (Views: 0.4ms | Allocations: 371)


Started GET "/profile" for ::1 at 2021-03-25 21:41:36 -0400
Processing by AuthController#profile as */*
[active_model_serializers] Rendered ActiveModel::Serializer::Null with Hash (0.07ms)
Filter chain halted as :authorized rendered or redirected
Completed 401 Unauthorized in 1ms (Views: 1.1ms | Allocations: 365)


Started POST "/authenticate" for ::1 at 2021-03-25 21:41:45 -0400
Processing by AuthController#create as JSON
  Parameters: {"name"=>"Jason", "password"=>"[FILTERED]", "auth"=>{"name"=>"Jason", "password"=>"[FILTERED]"}}
  [1m[35m (0.0ms)[0m  [1m[34mSELECT sqlite_version(*)[0m
  â†³ app/controllers/auth_controller.rb:5:in `create'
  [1m[36mUser Load (0.1ms)[0m  [1m[34mSELECT "users".* FROM "users" WHERE "users"."name" = ? LIMIT ?[0m  [["name", "Jason"], ["LIMIT", 1]]
  â†³ app/controllers/auth_controller.rb:5:in `create'
[active_model_serializers] Rendered ActiveModel::Serializer::Null with Hash (0.04ms)
Completed 200 OK in 190ms (Views: 0.4ms | ActiveRecord: 1.7ms | Allocations: 7065)


Started GET "/profile" for ::1 at 2021-03-25 21:41:51 -0400
Processing by AuthController#profile as */*
  [1m[36mUser Load (0.3ms)[0m  [1m[34mSELECT "users".* FROM "users" WHERE "users"."id" = ? LIMIT ?[0m  [["id", 10], ["LIMIT", 1]]
  â†³ app/controllers/application_controller.rb:25:in `current_user'
  [1m[36mCACHE User Load (0.0ms)[0m  [1m[34mSELECT "users".* FROM "users" WHERE "users"."id" = ? LIMIT ?[0m  [["id", 10], ["LIMIT", 1]]
  â†³ app/controllers/application_controller.rb:25:in `current_user'
[active_model_serializers]   [1m[36mWorkoutSession Load (0.1ms)[0m  [1m[34mSELECT "workout_sessions".* FROM "workout_sessions" WHERE "workout_sessions"."user_id" = ?[0m  [["user_id", 10]]
[active_model_serializers]   â†³ app/controllers/auth_controller.rb:15:in `profile'
[active_model_serializers] Rendered UserSerializer with ActiveModelSerializers::Adapter::Attributes (10.31ms)
Completed 200 OK in 17ms (Views: 13.0ms | ActiveRecord: 1.1ms | Allocations: 6702)


Started GET "/profile" for ::1 at 2021-03-25 22:48:55 -0400
Processing by AuthController#profile as */*
  [1m[35m (0.0ms)[0m  [1m[34mSELECT sqlite_version(*)[0m
  â†³ app/controllers/application_controller.rb:25:in `current_user'
  [1m[36mUser Load (0.2ms)[0m  [1m[34mSELECT "users".* FROM "users" WHERE "users"."id" = ? LIMIT ?[0m  [["id", 10], ["LIMIT", 1]]
  â†³ app/controllers/application_controller.rb:25:in `current_user'
  [1m[36mCACHE User Load (0.0ms)[0m  [1m[34mSELECT "users".* FROM "users" WHERE "users"."id" = ? LIMIT ?[0m  [["id", 10], ["LIMIT", 1]]
  â†³ app/controllers/application_controller.rb:25:in `current_user'
[active_model_serializers]   [1m[36mWorkoutSession Load (0.1ms)[0m  [1m[34mSELECT "workout_sessions".* FROM "workout_sessions" WHERE "workout_sessions"."user_id" = ?[0m  [["user_id", 10]]
[active_model_serializers]   â†³ app/controllers/auth_controller.rb:15:in `profile'
[active_model_serializers] Rendered UserSerializer with ActiveModelSerializers::Adapter::Attributes (1.59ms)
Completed 200 OK in 4ms (Views: 2.2ms | ActiveRecord: 0.6ms | Allocations: 2998)


Started GET "/profile" for ::1 at 2021-03-25 22:49:03 -0400
Processing by AuthController#profile as */*
  [1m[36mUser Load (0.2ms)[0m  [1m[34mSELECT "users".* FROM "users" WHERE "users"."id" = ? LIMIT ?[0m  [["id", 10], ["LIMIT", 1]]
  â†³ app/controllers/application_controller.rb:25:in `current_user'
  [1m[36mCACHE User Load (0.0ms)[0m  [1m[34mSELECT "users".* FROM "users" WHERE "users"."id" = ? LIMIT ?[0m  [["id", 10], ["LIMIT", 1]]
  â†³ app/controllers/application_controller.rb:25:in `current_user'
[active_model_serializers]   [1m[36mWorkoutSession Load (0.1ms)[0m  [1m[34mSELECT "workout_sessions".* FROM "workout_sessions" WHERE "workout_sessions"."user_id" = ?[0m  [["user_id", 10]]
[active_model_serializers]   â†³ app/controllers/auth_controller.rb:15:in `profile'
[active_model_serializers] Rendered UserSerializer with ActiveModelSerializers::Adapter::Attributes (1.24ms)
Completed 200 OK in 3ms (Views: 1.8ms | ActiveRecord: 0.3ms | Allocations: 2515)


Started GET "/profile" for ::1 at 2021-03-25 22:50:52 -0400
Processing by AuthController#profile as */*
  [1m[36mUser Load (0.2ms)[0m  [1m[34mSELECT "users".* FROM "users" WHERE "users"."id" = ? LIMIT ?[0m  [["id", 10], ["LIMIT", 1]]
  â†³ app/controllers/application_controller.rb:25:in `current_user'
  [1m[36mCACHE User Load (0.0ms)[0m  [1m[34mSELECT "users".* FROM "users" WHERE "users"."id" = ? LIMIT ?[0m  [["id", 10], ["LIMIT", 1]]
  â†³ app/controllers/application_controller.rb:25:in `current_user'
[active_model_serializers]   [1m[36mWorkoutSession Load (0.1ms)[0m  [1m[34mSELECT "workout_sessions".* FROM "workout_sessions" WHERE "workout_sessions"."user_id" = ?[0m  [["user_id", 10]]
[active_model_serializers]   â†³ app/controllers/auth_controller.rb:15:in `profile'
[active_model_serializers] Rendered UserSerializer with ActiveModelSerializers::Adapter::Attributes (1.67ms)
Completed 200 OK in 4ms (Views: 2.5ms | ActiveRecord: 0.4ms | Allocations: 2516)


Started GET "/profile" for ::1 at 2021-03-25 22:51:38 -0400
Processing by AuthController#profile as */*
  [1m[36mUser Load (0.2ms)[0m  [1m[34mSELECT "users".* FROM "users" WHERE "users"."id" = ? LIMIT ?[0m  [["id", 10], ["LIMIT", 1]]
  â†³ app/controllers/application_controller.rb:25:in `current_user'
  [1m[36mCACHE User Load (0.0ms)[0m  [1m[34mSELECT "users".* FROM "users" WHERE "users"."id" = ? LIMIT ?[0m  [["id", 10], ["LIMIT", 1]]
  â†³ app/controllers/application_controller.rb:25:in `current_user'
[active_model_serializers]   [1m[36mWorkoutSession Load (0.1ms)[0m  [1m[34mSELECT "workout_sessions".* FROM "workout_sessions" WHERE "workout_sessions"."user_id" = ?[0m  [["user_id", 10]]
[active_model_serializers]   â†³ app/controllers/auth_controller.rb:15:in `profile'
[active_model_serializers] Rendered UserSerializer with ActiveModelSerializers::Adapter::Attributes (1.28ms)
Completed 200 OK in 3ms (Views: 1.8ms | ActiveRecord: 0.3ms | Allocations: 2515)


Started GET "/profile" for ::1 at 2021-03-25 22:52:55 -0400
Processing by AuthController#profile as */*
  [1m[36mUser Load (0.1ms)[0m  [1m[34mSELECT "users".* FROM "users" WHERE "users"."id" = ? LIMIT ?[0m  [["id", 10], ["LIMIT", 1]]
  â†³ app/controllers/application_controller.rb:25:in `current_user'
  [1m[36mCACHE User Load (0.0ms)[0m  [1m[34mSELECT "users".* FROM "users" WHERE "users"."id" = ? LIMIT ?[0m  [["id", 10], ["LIMIT", 1]]
  â†³ app/controllers/application_controller.rb:25:in `current_user'
[active_model_serializers]   [1m[36mWorkoutSession Load (0.1ms)[0m  [1m[34mSELECT "workout_sessions".* FROM "workout_sessions" WHERE "workout_sessions"."user_id" = ?[0m  [["user_id", 10]]
[active_model_serializers]   â†³ app/controllers/auth_controller.rb:15:in `profile'
[active_model_serializers] Rendered UserSerializer with ActiveModelSerializers::Adapter::Attributes (1.24ms)
Completed 200 OK in 3ms (Views: 1.8ms | ActiveRecord: 0.3ms | Allocations: 2515)


Started GET "/profile" for ::1 at 2021-03-25 22:52:58 -0400
Processing by AuthController#profile as */*
  [1m[36mUser Load (0.2ms)[0m  [1m[34mSELECT "users".* FROM "users" WHERE "users"."id" = ? LIMIT ?[0m  [["id", 10], ["LIMIT", 1]]
  â†³ app/controllers/application_controller.rb:25:in `current_user'
  [1m[36mCACHE User Load (0.0ms)[0m  [1m[34mSELECT "users".* FROM "users" WHERE "users"."id" = ? LIMIT ?[0m  [["id", 10], ["LIMIT", 1]]
  â†³ app/controllers/application_controller.rb:25:in `current_user'
[active_model_serializers]   [1m[36mWorkoutSession Load (0.1ms)[0m  [1m[34mSELECT "workout_sessions".* FROM "workout_sessions" WHERE "workout_sessions"."user_id" = ?[0m  [["user_id", 10]]
[active_model_serializers]   â†³ app/controllers/auth_controller.rb:15:in `profile'
[active_model_serializers] Rendered UserSerializer with ActiveModelSerializers::Adapter::Attributes (1.24ms)
Completed 200 OK in 3ms (Views: 1.8ms | ActiveRecord: 0.3ms | Allocations: 2515)


Started GET "/profile" for ::1 at 2021-03-25 22:53:23 -0400
Processing by AuthController#profile as */*
  [1m[36mUser Load (0.3ms)[0m  [1m[34mSELECT "users".* FROM "users" WHERE "users"."id" = ? LIMIT ?[0m  [["id", 10], ["LIMIT", 1]]
  â†³ app/controllers/application_controller.rb:25:in `current_user'
  [1m[36mCACHE User Load (0.0ms)[0m  [1m[34mSELECT "users".* FROM "users" WHERE "users"."id" = ? LIMIT ?[0m  [["id", 10], ["LIMIT", 1]]
  â†³ app/controllers/application_controller.rb:25:in `current_user'
[active_model_serializers]   [1m[36mWorkoutSession Load (0.1ms)[0m  [1m[34mSELECT "workout_sessions".* FROM "workout_sessions" WHERE "workout_sessions"."user_id" = ?[0m  [["user_id", 10]]
[active_model_serializers]   â†³ app/controllers/auth_controller.rb:15:in `profile'
[active_model_serializers] Rendered UserSerializer with ActiveModelSerializers::Adapter::Attributes (1.31ms)
Completed 200 OK in 3ms (Views: 1.9ms | ActiveRecord: 0.4ms | Allocations: 2515)


Started GET "/profile" for ::1 at 2021-03-25 22:53:29 -0400
Processing by AuthController#profile as */*
  [1m[36mUser Load (0.2ms)[0m  [1m[34mSELECT "users".* FROM "users" WHERE "users"."id" = ? LIMIT ?[0m  [["id", 10], ["LIMIT", 1]]
  â†³ app/controllers/application_controller.rb:25:in `current_user'
  [1m[36mCACHE User Load (0.0ms)[0m  [1m[34mSELECT "users".* FROM "users" WHERE "users"."id" = ? LIMIT ?[0m  [["id", 10], ["LIMIT", 1]]
  â†³ app/controllers/application_controller.rb:25:in `current_user'
[active_model_serializers]   [1m[36mWorkoutSession Load (0.1ms)[0m  [1m[34mSELECT "workout_sessions".* FROM "workout_sessions" WHERE "workout_sessions"."user_id" = ?[0m  [["user_id", 10]]
[active_model_serializers]   â†³ app/controllers/auth_controller.rb:15:in `profile'
[active_model_serializers] Rendered UserSerializer with ActiveModelSerializers::Adapter::Attributes (1.31ms)
Completed 200 OK in 3ms (Views: 1.9ms | ActiveRecord: 0.3ms | Allocations: 2515)


Started GET "/profile" for ::1 at 2021-03-25 22:56:51 -0400
Processing by AuthController#profile as */*
  [1m[36mUser Load (0.2ms)[0m  [1m[34mSELECT "users".* FROM "users" WHERE "users"."id" = ? LIMIT ?[0m  [["id", 10], ["LIMIT", 1]]
  â†³ app/controllers/application_controller.rb:25:in `current_user'
  [1m[36mCACHE User Load (0.0ms)[0m  [1m[34mSELECT "users".* FROM "users" WHERE "users"."id" = ? LIMIT ?[0m  [["id", 10], ["LIMIT", 1]]
  â†³ app/controllers/application_controller.rb:25:in `current_user'
[active_model_serializers]   [1m[36mWorkoutSession Load (0.1ms)[0m  [1m[34mSELECT "workout_sessions".* FROM "workout_sessions" WHERE "workout_sessions"."user_id" = ?[0m  [["user_id", 10]]
[active_model_serializers]   â†³ app/controllers/auth_controller.rb:15:in `profile'
[active_model_serializers] Rendered UserSerializer with ActiveModelSerializers::Adapter::Attributes (1.31ms)
Completed 200 OK in 3ms (Views: 1.9ms | ActiveRecord: 0.3ms | Allocations: 2515)


Started GET "/profile" for ::1 at 2021-03-25 22:58:29 -0400
Processing by AuthController#profile as */*
  [1m[36mUser Load (0.1ms)[0m  [1m[34mSELECT "users".* FROM "users" WHERE "users"."id" = ? LIMIT ?[0m  [["id", 10], ["LIMIT", 1]]
  â†³ app/controllers/application_controller.rb:25:in `current_user'
  [1m[36mCACHE User Load (0.0ms)[0m  [1m[34mSELECT "users".* FROM "users" WHERE "users"."id" = ? LIMIT ?[0m  [["id", 10], ["LIMIT", 1]]
  â†³ app/controllers/application_controller.rb:25:in `current_user'
[active_model_serializers]   [1m[36mWorkoutSession Load (0.1ms)[0m  [1m[34mSELECT "workout_sessions".* FROM "workout_sessions" WHERE "workout_sessions"."user_id" = ?[0m  [["user_id", 10]]
[active_model_serializers]   â†³ app/controllers/auth_controller.rb:15:in `profile'
[active_model_serializers] Rendered UserSerializer with ActiveModelSerializers::Adapter::Attributes (1.25ms)
Completed 200 OK in 3ms (Views: 1.8ms | ActiveRecord: 0.3ms | Allocations: 2515)


Started GET "/profile" for ::1 at 2021-03-25 22:58:51 -0400
Processing by AuthController#profile as */*
  [1m[36mUser Load (0.2ms)[0m  [1m[34mSELECT "users".* FROM "users" WHERE "users"."id" = ? LIMIT ?[0m  [["id", 10], ["LIMIT", 1]]
  â†³ app/controllers/application_controller.rb:25:in `current_user'
  [1m[36mCACHE User Load (0.0ms)[0m  [1m[34mSELECT "users".* FROM "users" WHERE "users"."id" = ? LIMIT ?[0m  [["id", 10], ["LIMIT", 1]]
  â†³ app/controllers/application_controller.rb:25:in `current_user'
[active_model_serializers]   [1m[36mWorkoutSession Load (0.1ms)[0m  [1m[34mSELECT "workout_sessions".* FROM "workout_sessions" WHERE "workout_sessions"."user_id" = ?[0m  [["user_id", 10]]
[active_model_serializers]   â†³ app/controllers/auth_controller.rb:15:in `profile'
[active_model_serializers] Rendered UserSerializer with ActiveModelSerializers::Adapter::Attributes (1.34ms)
Completed 200 OK in 3ms (Views: 1.9ms | ActiveRecord: 0.3ms | Allocations: 2515)


Started GET "/profile" for ::1 at 2021-03-25 22:58:53 -0400
Processing by AuthController#profile as */*
  [1m[36mUser Load (0.2ms)[0m  [1m[34mSELECT "users".* FROM "users" WHERE "users"."id" = ? LIMIT ?[0m  [["id", 10], ["LIMIT", 1]]
  â†³ app/controllers/application_controller.rb:25:in `current_user'
  [1m[36mCACHE User Load (0.0ms)[0m  [1m[34mSELECT "users".* FROM "users" WHERE "users"."id" = ? LIMIT ?[0m  [["id", 10], ["LIMIT", 1]]
  â†³ app/controllers/application_controller.rb:25:in `current_user'
[active_model_serializers]   [1m[36mWorkoutSession Load (0.1ms)[0m  [1m[34mSELECT "workout_sessions".* FROM "workout_sessions" WHERE "workout_sessions"."user_id" = ?[0m  [["user_id", 10]]
[active_model_serializers]   â†³ app/controllers/auth_controller.rb:15:in `profile'
[active_model_serializers] Rendered UserSerializer with ActiveModelSerializers::Adapter::Attributes (1.26ms)
Completed 200 OK in 3ms (Views: 1.8ms | ActiveRecord: 0.3ms | Allocations: 2515)


Started GET "/profile" for ::1 at 2021-03-25 22:58:54 -0400
Processing by AuthController#profile as */*
  [1m[36mUser Load (0.2ms)[0m  [1m[34mSELECT "users".* FROM "users" WHERE "users"."id" = ? LIMIT ?[0m  [["id", 10], ["LIMIT", 1]]
  â†³ app/controllers/application_controller.rb:25:in `current_user'
  [1m[36mCACHE User Load (0.0ms)[0m  [1m[34mSELECT "users".* FROM "users" WHERE "users"."id" = ? LIMIT ?[0m  [["id", 10], ["LIMIT", 1]]
  â†³ app/controllers/application_controller.rb:25:in `current_user'
[active_model_serializers]   [1m[36mWorkoutSession Load (0.3ms)[0m  [1m[34mSELECT "workout_sessions".* FROM "workout_sessions" WHERE "workout_sessions"."user_id" = ?[0m  [["user_id", 10]]
[active_model_serializers]   â†³ app/controllers/auth_controller.rb:15:in `profile'
[active_model_serializers] Rendered UserSerializer with ActiveModelSerializers::Adapter::Attributes (2.13ms)
Completed 200 OK in 5ms (Views: 3.0ms | ActiveRecord: 0.4ms | Allocations: 2515)


Started GET "/profile" for ::1 at 2021-03-25 23:00:08 -0400
Processing by AuthController#profile as */*
  [1m[36mUser Load (0.2ms)[0m  [1m[34mSELECT "users".* FROM "users" WHERE "users"."id" = ? LIMIT ?[0m  [["id", 10], ["LIMIT", 1]]
  â†³ app/controllers/application_controller.rb:25:in `current_user'
  [1m[36mCACHE User Load (0.0ms)[0m  [1m[34mSELECT "users".* FROM "users" WHERE "users"."id" = ? LIMIT ?[0m  [["id", 10], ["LIMIT", 1]]
  â†³ app/controllers/application_controller.rb:25:in `current_user'
[active_model_serializers]   [1m[36mWorkoutSession Load (0.1ms)[0m  [1m[34mSELECT "workout_sessions".* FROM "workout_sessions" WHERE "workout_sessions"."user_id" = ?[0m  [["user_id", 10]]
[active_model_serializers]   â†³ app/controllers/auth_controller.rb:15:in `profile'
[active_model_serializers] Rendered UserSerializer with ActiveModelSerializers::Adapter::Attributes (1.32ms)
Completed 200 OK in 3ms (Views: 1.9ms | ActiveRecord: 0.4ms | Allocations: 2515)


Started GET "/profile" for ::1 at 2021-03-25 23:00:52 -0400
Processing by AuthController#profile as */*
  [1m[36mUser Load (0.2ms)[0m  [1m[34mSELECT "users".* FROM "users" WHERE "users"."id" = ? LIMIT ?[0m  [["id", 10], ["LIMIT", 1]]
  â†³ app/controllers/application_controller.rb:25:in `current_user'
  [1m[36mCACHE User Load (0.0ms)[0m  [1m[34mSELECT "users".* FROM "users" WHERE "users"."id" = ? LIMIT ?[0m  [["id", 10], ["LIMIT", 1]]
  â†³ app/controllers/application_controller.rb:25:in `current_user'
[active_model_serializers]   [1m[36mWorkoutSession Load (0.2ms)[0m  [1m[34mSELECT "workout_sessions".* FROM "workout_sessions" WHERE "workout_sessions"."user_id" = ?[0m  [["user_id", 10]]
[active_model_serializers]   â†³ app/controllers/auth_controller.rb:15:in `profile'
[active_model_serializers] Rendered UserSerializer with ActiveModelSerializers::Adapter::Attributes (1.49ms)
Completed 200 OK in 4ms (Views: 2.3ms | ActiveRecord: 0.4ms | Allocations: 2515)


Started GET "/profile" for ::1 at 2021-03-25 23:00:56 -0400
Processing by AuthController#profile as */*
  [1m[36mUser Load (0.1ms)[0m  [1m[34mSELECT "users".* FROM "users" WHERE "users"."id" = ? LIMIT ?[0m  [["id", 10], ["LIMIT", 1]]
  â†³ app/controllers/application_controller.rb:25:in `current_user'
  [1m[36mCACHE User Load (0.0ms)[0m  [1m[34mSELECT "users".* FROM "users" WHERE "users"."id" = ? LIMIT ?[0m  [["id", 10], ["LIMIT", 1]]
  â†³ app/controllers/application_controller.rb:25:in `current_user'
[active_model_serializers]   [1m[36mWorkoutSession Load (0.1ms)[0m  [1m[34mSELECT "workout_sessions".* FROM "workout_sessions" WHERE "workout_sessions"."user_id" = ?[0m  [["user_id", 10]]
[active_model_serializers]   â†³ app/controllers/auth_controller.rb:15:in `profile'
[active_model_serializers] Rendered UserSerializer with ActiveModelSerializers::Adapter::Attributes (1.26ms)
Completed 200 OK in 3ms (Views: 1.8ms | ActiveRecord: 0.3ms | Allocations: 2515)


Started GET "/profile" for ::1 at 2021-03-25 23:01:14 -0400
Processing by AuthController#profile as */*
  [1m[36mUser Load (0.1ms)[0m  [1m[34mSELECT "users".* FROM "users" WHERE "users"."id" = ? LIMIT ?[0m  [["id", 10], ["LIMIT", 1]]
  â†³ app/controllers/application_controller.rb:25:in `current_user'
  [1m[36mCACHE User Load (0.0ms)[0m  [1m[34mSELECT "users".* FROM "users" WHERE "users"."id" = ? LIMIT ?[0m  [["id", 10], ["LIMIT", 1]]
  â†³ app/controllers/application_controller.rb:25:in `current_user'
[active_model_serializers]   [1m[36mWorkoutSession Load (0.3ms)[0m  [1m[34mSELECT "workout_sessions".* FROM "workout_sessions" WHERE "workout_sessions"."user_id" = ?[0m  [["user_id", 10]]
[active_model_serializers]   â†³ app/controllers/auth_controller.rb:15:in `profile'
[active_model_serializers] Rendered UserSerializer with ActiveModelSerializers::Adapter::Attributes (7.36ms)
Completed 200 OK in 9ms (Views: 7.8ms | ActiveRecord: 0.4ms | Allocations: 2516)


Started GET "/profile" for ::1 at 2021-03-25 23:03:11 -0400
Processing by AuthController#profile as */*
  [1m[36mUser Load (0.1ms)[0m  [1m[34mSELECT "users".* FROM "users" WHERE "users"."id" = ? LIMIT ?[0m  [["id", 10], ["LIMIT", 1]]
  â†³ app/controllers/application_controller.rb:25:in `current_user'
  [1m[36mCACHE User Load (0.0ms)[0m  [1m[34mSELECT "users".* FROM "users" WHERE "users"."id" = ? LIMIT ?[0m  [["id", 10], ["LIMIT", 1]]
  â†³ app/controllers/application_controller.rb:25:in `current_user'
[active_model_serializers]   [1m[36mWorkoutSession Load (0.2ms)[0m  [1m[34mSELECT "workout_sessions".* FROM "workout_sessions" WHERE "workout_sessions"."user_id" = ?[0m  [["user_id", 10]]
[active_model_serializers]   â†³ app/controllers/auth_controller.rb:15:in `profile'
[active_model_serializers] Rendered UserSerializer with ActiveModelSerializers::Adapter::Attributes (1.66ms)
Completed 200 OK in 3ms (Views: 2.2ms | ActiveRecord: 0.3ms | Allocations: 2515)


Started GET "/profile" for ::1 at 2021-03-25 23:07:07 -0400
Processing by AuthController#profile as */*
  [1m[36mUser Load (0.2ms)[0m  [1m[34mSELECT "users".* FROM "users" WHERE "users"."id" = ? LIMIT ?[0m  [["id", 10], ["LIMIT", 1]]
  â†³ app/controllers/application_controller.rb:25:in `current_user'
  [1m[36mCACHE User Load (0.0ms)[0m  [1m[34mSELECT "users".* FROM "users" WHERE "users"."id" = ? LIMIT ?[0m  [["id", 10], ["LIMIT", 1]]
  â†³ app/controllers/application_controller.rb:25:in `current_user'
[active_model_serializers]   [1m[36mWorkoutSession Load (0.1ms)[0m  [1m[34mSELECT "workout_sessions".* FROM "workout_sessions" WHERE "workout_sessions"."user_id" = ?[0m  [["user_id", 10]]
[active_model_serializers]   â†³ app/controllers/auth_controller.rb:15:in `profile'
[active_model_serializers] Rendered UserSerializer with ActiveModelSerializers::Adapter::Attributes (1.47ms)
Completed 200 OK in 3ms (Views: 2.0ms | ActiveRecord: 0.3ms | Allocations: 2515)


Started GET "/profile" for ::1 at 2021-03-25 23:07:09 -0400
Processing by AuthController#profile as */*
  [1m[36mUser Load (0.2ms)[0m  [1m[34mSELECT "users".* FROM "users" WHERE "users"."id" = ? LIMIT ?[0m  [["id", 10], ["LIMIT", 1]]
  â†³ app/controllers/application_controller.rb:25:in `current_user'
  [1m[36mCACHE User Load (0.0ms)[0m  [1m[34mSELECT "users".* FROM "users" WHERE "users"."id" = ? LIMIT ?[0m  [["id", 10], ["LIMIT", 1]]
  â†³ app/controllers/application_controller.rb:25:in `current_user'
[active_model_serializers]   [1m[36mWorkoutSession Load (0.3ms)[0m  [1m[34mSELECT "workout_sessions".* FROM "workout_sessions" WHERE "workout_sessions"."user_id" = ?[0m  [["user_id", 10]]
[active_model_serializers]   â†³ app/controllers/auth_controller.rb:15:in `profile'
[active_model_serializers] Rendered UserSerializer with ActiveModelSerializers::Adapter::Attributes (1.7ms)
Completed 200 OK in 4ms (Views: 2.6ms | ActiveRecord: 0.4ms | Allocations: 2515)


Started GET "/profile" for ::1 at 2021-03-25 23:07:41 -0400
Processing by AuthController#profile as */*
  [1m[36mUser Load (0.2ms)[0m  [1m[34mSELECT "users".* FROM "users" WHERE "users"."id" = ? LIMIT ?[0m  [["id", 10], ["LIMIT", 1]]
  â†³ app/controllers/application_controller.rb:25:in `current_user'
  [1m[36mCACHE User Load (0.0ms)[0m  [1m[34mSELECT "users".* FROM "users" WHERE "users"."id" = ? LIMIT ?[0m  [["id", 10], ["LIMIT", 1]]
  â†³ app/controllers/application_controller.rb:25:in `current_user'
[active_model_serializers]   [1m[36mWorkoutSession Load (0.3ms)[0m  [1m[34mSELECT "workout_sessions".* FROM "workout_sessions" WHERE "workout_sessions"."user_id" = ?[0m  [["user_id", 10]]
[active_model_serializers]   â†³ app/controllers/auth_controller.rb:15:in `profile'
[active_model_serializers] Rendered UserSerializer with ActiveModelSerializers::Adapter::Attributes (2.6ms)
Completed 200 OK in 5ms (Views: 3.6ms | ActiveRecord: 0.5ms | Allocations: 2515)


Started GET "/profile" for ::1 at 2021-03-25 23:07:59 -0400
Processing by AuthController#profile as */*
  [1m[36mUser Load (0.2ms)[0m  [1m[34mSELECT "users".* FROM "users" WHERE "users"."id" = ? LIMIT ?[0m  [["id", 10], ["LIMIT", 1]]
  â†³ app/controllers/application_controller.rb:25:in `current_user'
  [1m[36mCACHE User Load (0.0ms)[0m  [1m[34mSELECT "users".* FROM "users" WHERE "users"."id" = ? LIMIT ?[0m  [["id", 10], ["LIMIT", 1]]
  â†³ app/controllers/application_controller.rb:25:in `current_user'
[active_model_serializers]   [1m[36mWorkoutSession Load (0.1ms)[0m  [1m[34mSELECT "workout_sessions".* FROM "workout_sessions" WHERE "workout_sessions"."user_id" = ?[0m  [["user_id", 10]]
[active_model_serializers]   â†³ app/controllers/auth_controller.rb:15:in `profile'
[active_model_serializers] Rendered UserSerializer with ActiveModelSerializers::Adapter::Attributes (1.26ms)
Completed 200 OK in 3ms (Views: 1.8ms | ActiveRecord: 0.3ms | Allocations: 2515)


Started GET "/profile" for ::1 at 2021-03-25 23:08:05 -0400
Processing by AuthController#profile as */*
  [1m[36mUser Load (0.2ms)[0m  [1m[34mSELECT "users".* FROM "users" WHERE "users"."id" = ? LIMIT ?[0m  [["id", 10], ["LIMIT", 1]]
  â†³ app/controllers/application_controller.rb:25:in `current_user'
  [1m[36mCACHE User Load (0.0ms)[0m  [1m[34mSELECT "users".* FROM "users" WHERE "users"."id" = ? LIMIT ?[0m  [["id", 10], ["LIMIT", 1]]
  â†³ app/controllers/application_controller.rb:25:in `current_user'
[active_model_serializers]   [1m[36mWorkoutSession Load (0.1ms)[0m  [1m[34mSELECT "workout_sessions".* FROM "workout_sessions" WHERE "workout_sessions"."user_id" = ?[0m  [["user_id", 10]]
[active_model_serializers]   â†³ app/controllers/auth_controller.rb:15:in `profile'
[active_model_serializers] Rendered UserSerializer with ActiveModelSerializers::Adapter::Attributes (1.31ms)
Completed 200 OK in 3ms (Views: 1.9ms | ActiveRecord: 0.3ms | Allocations: 2515)


Started GET "/profile" for ::1 at 2021-03-25 23:08:28 -0400
Processing by AuthController#profile as */*
  [1m[36mUser Load (0.2ms)[0m  [1m[34mSELECT "users".* FROM "users" WHERE "users"."id" = ? LIMIT ?[0m  [["id", 10], ["LIMIT", 1]]
  â†³ app/controllers/application_controller.rb:25:in `current_user'
  [1m[36mCACHE User Load (0.0ms)[0m  [1m[34mSELECT "users".* FROM "users" WHERE "users"."id" = ? LIMIT ?[0m  [["id", 10], ["LIMIT", 1]]
  â†³ app/controllers/application_controller.rb:25:in `current_user'
[active_model_serializers]   [1m[36mWorkoutSession Load (0.1ms)[0m  [1m[34mSELECT "workout_sessions".* FROM "workout_sessions" WHERE "workout_sessions"."user_id" = ?[0m  [["user_id", 10]]
[active_model_serializers]   â†³ app/controllers/auth_controller.rb:15:in `profile'
[active_model_serializers] Rendered UserSerializer with ActiveModelSerializers::Adapter::Attributes (1.35ms)
Completed 200 OK in 3ms (Views: 1.9ms | ActiveRecord: 0.3ms | Allocations: 2515)


Started GET "/profile" for ::1 at 2021-03-25 23:08:38 -0400
Processing by AuthController#profile as */*
  [1m[36mUser Load (0.2ms)[0m  [1m[34mSELECT "users".* FROM "users" WHERE "users"."id" = ? LIMIT ?[0m  [["id", 10], ["LIMIT", 1]]
  â†³ app/controllers/application_controller.rb:25:in `current_user'
  [1m[36mCACHE User Load (0.0ms)[0m  [1m[34mSELECT "users".* FROM "users" WHERE "users"."id" = ? LIMIT ?[0m  [["id", 10], ["LIMIT", 1]]
  â†³ app/controllers/application_controller.rb:25:in `current_user'
[active_model_serializers]   [1m[36mWorkoutSession Load (0.2ms)[0m  [1m[34mSELECT "workout_sessions".* FROM "workout_sessions" WHERE "workout_sessions"."user_id" = ?[0m  [["user_id", 10]]
[active_model_serializers]   â†³ app/controllers/auth_controller.rb:15:in `profile'
[active_model_serializers] Rendered UserSerializer with ActiveModelSerializers::Adapter::Attributes (1.49ms)
Completed 200 OK in 4ms (Views: 2.4ms | ActiveRecord: 0.4ms | Allocations: 2515)


Started GET "/profile" for ::1 at 2021-03-25 23:09:27 -0400
Processing by AuthController#profile as */*
  [1m[36mUser Load (0.2ms)[0m  [1m[34mSELECT "users".* FROM "users" WHERE "users"."id" = ? LIMIT ?[0m  [["id", 10], ["LIMIT", 1]]
  â†³ app/controllers/application_controller.rb:25:in `current_user'
  [1m[36mCACHE User Load (0.0ms)[0m  [1m[34mSELECT "users".* FROM "users" WHERE "users"."id" = ? LIMIT ?[0m  [["id", 10], ["LIMIT", 1]]
  â†³ app/controllers/application_controller.rb:25:in `current_user'
[active_model_serializers]   [1m[36mWorkoutSession Load (0.1ms)[0m  [1m[34mSELECT "workout_sessions".* FROM "workout_sessions" WHERE "workout_sessions"."user_id" = ?[0m  [["user_id", 10]]
[active_model_serializers]   â†³ app/controllers/auth_controller.rb:15:in `profile'
[active_model_serializers] Rendered UserSerializer with ActiveModelSerializers::Adapter::Attributes (1.66ms)
Completed 200 OK in 4ms (Views: 2.6ms | ActiveRecord: 0.4ms | Allocations: 2515)


Started GET "/profile" for ::1 at 2021-03-25 23:09:41 -0400
Processing by AuthController#profile as */*
  [1m[36mUser Load (0.2ms)[0m  [1m[34mSELECT "users".* FROM "users" WHERE "users"."id" = ? LIMIT ?[0m  [["id", 10], ["LIMIT", 1]]
  â†³ app/controllers/application_controller.rb:25:in `current_user'
  [1m[36mCACHE User Load (0.0ms)[0m  [1m[34mSELECT "users".* FROM "users" WHERE "users"."id" = ? LIMIT ?[0m  [["id", 10], ["LIMIT", 1]]
  â†³ app/controllers/application_controller.rb:25:in `current_user'
[active_model_serializers]   [1m[36mWorkoutSession Load (0.1ms)[0m  [1m[34mSELECT "workout_sessions".* FROM "workout_sessions" WHERE "workout_sessions"."user_id" = ?[0m  [["user_id", 10]]
[active_model_serializers]   â†³ app/controllers/auth_controller.rb:15:in `profile'
[active_model_serializers] Rendered UserSerializer with ActiveModelSerializers::Adapter::Attributes (1.42ms)
Completed 200 OK in 3ms (Views: 2.1ms | ActiveRecord: 0.3ms | Allocations: 2515)


Started GET "/profile" for ::1 at 2021-03-25 23:11:57 -0400
Processing by AuthController#profile as */*
  [1m[36mUser Load (0.2ms)[0m  [1m[34mSELECT "users".* FROM "users" WHERE "users"."id" = ? LIMIT ?[0m  [["id", 10], ["LIMIT", 1]]
  â†³ app/controllers/application_controller.rb:25:in `current_user'
  [1m[36mCACHE User Load (0.0ms)[0m  [1m[34mSELECT "users".* FROM "users" WHERE "users"."id" = ? LIMIT ?[0m  [["id", 10], ["LIMIT", 1]]
  â†³ app/controllers/application_controller.rb:25:in `current_user'
[active_model_serializers]   [1m[36mWorkoutSession Load (0.1ms)[0m  [1m[34mSELECT "workout_sessions".* FROM "workout_sessions" WHERE "workout_sessions"."user_id" = ?[0m  [["user_id", 10]]
[active_model_serializers]   â†³ app/controllers/auth_controller.rb:15:in `profile'
[active_model_serializers] Rendered UserSerializer with ActiveModelSerializers::Adapter::Attributes (1.35ms)
Completed 200 OK in 3ms (Views: 2.0ms | ActiveRecord: 0.3ms | Allocations: 2515)


Started GET "/profile" for ::1 at 2021-03-25 23:12:04 -0400
Processing by AuthController#profile as */*
  [1m[36mUser Load (0.1ms)[0m  [1m[34mSELECT "users".* FROM "users" WHERE "users"."id" = ? LIMIT ?[0m  [["id", 10], ["LIMIT", 1]]
  â†³ app/controllers/application_controller.rb:25:in `current_user'
  [1m[36mCACHE User Load (0.0ms)[0m  [1m[34mSELECT "users".* FROM "users" WHERE "users"."id" = ? LIMIT ?[0m  [["id", 10], ["LIMIT", 1]]
  â†³ app/controllers/application_controller.rb:25:in `current_user'
[active_model_serializers]   [1m[36mWorkoutSession Load (0.1ms)[0m  [1m[34mSELECT "workout_sessions".* FROM "workout_sessions" WHERE "workout_sessions"."user_id" = ?[0m  [["user_id", 10]]
[active_model_serializers]   â†³ app/controllers/auth_controller.rb:15:in `profile'
[active_model_serializers] Rendered UserSerializer with ActiveModelSerializers::Adapter::Attributes (1.23ms)
Completed 200 OK in 3ms (Views: 1.8ms | ActiveRecord: 0.3ms | Allocations: 2515)


Started GET "/profile" for ::1 at 2021-03-25 23:12:20 -0400
Processing by AuthController#profile as */*
  [1m[36mUser Load (0.2ms)[0m  [1m[34mSELECT "users".* FROM "users" WHERE "users"."id" = ? LIMIT ?[0m  [["id", 10], ["LIMIT", 1]]
  â†³ app/controllers/application_controller.rb:25:in `current_user'
  [1m[36mCACHE User Load (0.0ms)[0m  [1m[34mSELECT "users".* FROM "users" WHERE "users"."id" = ? LIMIT ?[0m  [["id", 10], ["LIMIT", 1]]
  â†³ app/controllers/application_controller.rb:25:in `current_user'
[active_model_serializers]   [1m[36mWorkoutSession Load (0.1ms)[0m  [1m[34mSELECT "workout_sessions".* FROM "workout_sessions" WHERE "workout_sessions"."user_id" = ?[0m  [["user_id", 10]]
[active_model_serializers]   â†³ app/controllers/auth_controller.rb:15:in `profile'
[active_model_serializers] Rendered UserSerializer with ActiveModelSerializers::Adapter::Attributes (1.28ms)
Completed 200 OK in 3ms (Views: 1.8ms | ActiveRecord: 0.3ms | Allocations: 2515)


Started GET "/profile" for ::1 at 2021-03-25 23:12:36 -0400
Processing by AuthController#profile as */*
  [1m[36mUser Load (0.1ms)[0m  [1m[34mSELECT "users".* FROM "users" WHERE "users"."id" = ? LIMIT ?[0m  [["id", 10], ["LIMIT", 1]]
  â†³ app/controllers/application_controller.rb:25:in `current_user'
  [1m[36mCACHE User Load (0.0ms)[0m  [1m[34mSELECT "users".* FROM "users" WHERE "users"."id" = ? LIMIT ?[0m  [["id", 10], ["LIMIT", 1]]
  â†³ app/controllers/application_controller.rb:25:in `current_user'
[active_model_serializers]   [1m[36mWorkoutSession Load (0.1ms)[0m  [1m[34mSELECT "workout_sessions".* FROM "workout_sessions" WHERE "workout_sessions"."user_id" = ?[0m  [["user_id", 10]]
[active_model_serializers]   â†³ app/controllers/auth_controller.rb:15:in `profile'
[active_model_serializers] Rendered UserSerializer with ActiveModelSerializers::Adapter::Attributes (1.22ms)
Completed 200 OK in 3ms (Views: 1.7ms | ActiveRecord: 0.3ms | Allocations: 2515)


Started GET "/profile" for ::1 at 2021-03-25 23:12:39 -0400
Processing by AuthController#profile as */*
  [1m[36mUser Load (0.2ms)[0m  [1m[34mSELECT "users".* FROM "users" WHERE "users"."id" = ? LIMIT ?[0m  [["id", 10], ["LIMIT", 1]]
  â†³ app/controllers/application_controller.rb:25:in `current_user'
  [1m[36mCACHE User Load (0.0ms)[0m  [1m[34mSELECT "users".* FROM "users" WHERE "users"."id" = ? LIMIT ?[0m  [["id", 10], ["LIMIT", 1]]
  â†³ app/controllers/application_controller.rb:25:in `current_user'
[active_model_serializers]   [1m[36mWorkoutSession Load (0.1ms)[0m  [1m[34mSELECT "workout_sessions".* FROM "workout_sessions" WHERE "workout_sessions"."user_id" = ?[0m  [["user_id", 10]]
[active_model_serializers]   â†³ app/controllers/auth_controller.rb:15:in `profile'
[active_model_serializers] Rendered UserSerializer with ActiveModelSerializers::Adapter::Attributes (1.45ms)
Completed 200 OK in 4ms (Views: 2.1ms | ActiveRecord: 0.3ms | Allocations: 2515)


Started GET "/profile" for ::1 at 2021-03-26 11:56:43 -0400
  [1m[35m (1.6ms)[0m  [1m[34mSELECT sqlite_version(*)[0m
  [1m[35m (0.2ms)[0m  [1m[34mSELECT "schema_migrations"."version" FROM "schema_migrations" ORDER BY "schema_migrations"."version" ASC[0m
Processing by AuthController#profile as */*
  [1m[36mUser Load (0.3ms)[0m  [1m[34mSELECT "users".* FROM "users" WHERE "users"."id" = ? LIMIT ?[0m  [["id", 10], ["LIMIT", 1]]
  â†³ app/controllers/application_controller.rb:25:in `current_user'
  [1m[36mCACHE User Load (0.0ms)[0m  [1m[34mSELECT "users".* FROM "users" WHERE "users"."id" = ? LIMIT ?[0m  [["id", 10], ["LIMIT", 1]]
  â†³ app/controllers/application_controller.rb:25:in `current_user'
[active_model_serializers]   [1m[36mWorkoutSession Load (0.2ms)[0m  [1m[34mSELECT "workout_sessions".* FROM "workout_sessions" WHERE "workout_sessions"."user_id" = ?[0m  [["user_id", 10]]
[active_model_serializers]   â†³ app/controllers/auth_controller.rb:15:in `profile'
[active_model_serializers] Rendered UserSerializer with ActiveModelSerializers::Adapter::Attributes (11.51ms)
Completed 200 OK in 32ms (Views: 14.7ms | ActiveRecord: 1.9ms | Allocations: 17846)


Started GET "/profile" for ::1 at 2021-03-26 11:56:54 -0400
Processing by AuthController#profile as */*
  [1m[36mUser Load (0.2ms)[0m  [1m[34mSELECT "users".* FROM "users" WHERE "users"."id" = ? LIMIT ?[0m  [["id", 10], ["LIMIT", 1]]
  â†³ app/controllers/application_controller.rb:25:in `current_user'
  [1m[36mCACHE User Load (0.0ms)[0m  [1m[34mSELECT "users".* FROM "users" WHERE "users"."id" = ? LIMIT ?[0m  [["id", 10], ["LIMIT", 1]]
  â†³ app/controllers/application_controller.rb:25:in `current_user'
[active_model_serializers]   [1m[36mWorkoutSession Load (0.1ms)[0m  [1m[34mSELECT "workout_sessions".* FROM "workout_sessions" WHERE "workout_sessions"."user_id" = ?[0m  [["user_id", 10]]
[active_model_serializers]   â†³ app/controllers/auth_controller.rb:15:in `profile'
[active_model_serializers] Rendered UserSerializer with ActiveModelSerializers::Adapter::Attributes (1.39ms)
Completed 200 OK in 3ms (Views: 2.0ms | ActiveRecord: 0.3ms | Allocations: 2536)


Started GET "/profile" for ::1 at 2021-03-26 11:58:12 -0400
  [1m[35m (0.0ms)[0m  [1m[34mSELECT sqlite_version(*)[0m
  [1m[35m (0.1ms)[0m  [1m[34mSELECT "schema_migrations"."version" FROM "schema_migrations" ORDER BY "schema_migrations"."version" ASC[0m
Processing by AuthController#profile as */*
  [1m[36mUser Load (0.2ms)[0m  [1m[34mSELECT "users".* FROM "users" WHERE "users"."id" = ? LIMIT ?[0m  [["id", 10], ["LIMIT", 1]]
  â†³ app/controllers/application_controller.rb:25:in `current_user'
  [1m[36mCACHE User Load (0.0ms)[0m  [1m[34mSELECT "users".* FROM "users" WHERE "users"."id" = ? LIMIT ?[0m  [["id", 10], ["LIMIT", 1]]
  â†³ app/controllers/application_controller.rb:25:in `current_user'
[active_model_serializers]   [1m[36mWorkoutSession Load (0.2ms)[0m  [1m[34mSELECT "workout_sessions".* FROM "workout_sessions" WHERE "workout_sessions"."user_id" = ?[0m  [["user_id", 10]]
[active_model_serializers]   â†³ app/controllers/auth_controller.rb:15:in `profile'
[active_model_serializers] Rendered UserSerializer with ActiveModelSerializers::Adapter::Attributes (6.21ms)
Completed 200 OK in 14ms (Views: 6.7ms | ActiveRecord: 1.7ms | Allocations: 11061)


Started GET "/profile" for ::1 at 2021-03-26 11:58:23 -0400
Processing by AuthController#profile as */*
  [1m[36mUser Load (0.2ms)[0m  [1m[34mSELECT "users".* FROM "users" WHERE "users"."id" = ? LIMIT ?[0m  [["id", 10], ["LIMIT", 1]]
  â†³ app/controllers/application_controller.rb:25:in `current_user'
  [1m[36mCACHE User Load (0.0ms)[0m  [1m[34mSELECT "users".* FROM "users" WHERE "users"."id" = ? LIMIT ?[0m  [["id", 10], ["LIMIT", 1]]
  â†³ app/controllers/application_controller.rb:25:in `current_user'
[active_model_serializers]   [1m[36mWorkoutSession Load (0.1ms)[0m  [1m[34mSELECT "workout_sessions".* FROM "workout_sessions" WHERE "workout_sessions"."user_id" = ?[0m  [["user_id", 10]]
[active_model_serializers]   â†³ app/controllers/auth_controller.rb:15:in `profile'
[active_model_serializers] Rendered UserSerializer with ActiveModelSerializers::Adapter::Attributes (1.59ms)
Completed 200 OK in 3ms (Views: 2.3ms | ActiveRecord: 0.3ms | Allocations: 2536)


Started GET "/" for ::1 at 2021-03-26 12:31:34 -0400
Processing by Rails::WelcomeController#index as HTML
  Rendering /home/jasonpatino/.rvm/gems/ruby-2.6.1/gems/railties-6.1.3/lib/rails/templates/rails/welcome/index.html.erb
  Rendered /home/jasonpatino/.rvm/gems/ruby-2.6.1/gems/railties-6.1.3/lib/rails/templates/rails/welcome/index.html.erb (Duration: 4.8ms | Allocations: 316)
Completed 200 OK in 14ms (Views: 7.3ms | Allocations: 2434)


Started GET "/" for ::1 at 2021-03-26 12:47:13 -0400
  [1m[35m (8.2ms)[0m  [1m[34mSELECT sqlite_version(*)[0m
  [1m[35m (0.2ms)[0m  [1m[34mSELECT "schema_migrations"."version" FROM "schema_migrations" ORDER BY "schema_migrations"."version" ASC[0m
Processing by Rails::WelcomeController#index as HTML
  Rendering /home/jasonpatino/.rvm/gems/ruby-2.6.1/gems/railties-6.1.3/lib/rails/templates/rails/welcome/index.html.erb
  Rendered /home/jasonpatino/.rvm/gems/ruby-2.6.1/gems/railties-6.1.3/lib/rails/templates/rails/welcome/index.html.erb (Duration: 30.0ms | Allocations: 316)
Completed 200 OK in 108ms (Views: 54.2ms | ActiveRecord: 0.0ms | Allocations: 2539)


Started GET "/favicon.ico" for ::1 at 2021-03-26 12:47:14 -0400
  
ActionController::RoutingError (No route matches [GET] "/favicon.ico"):
  
Started GET "/profile" for ::1 at 2021-03-26 12:47:32 -0400
Processing by AuthController#profile as */*
  [1m[36mUser Load (0.3ms)[0m  [1m[34mSELECT "users".* FROM "users" WHERE "users"."id" = ? LIMIT ?[0m  [["id", 10], ["LIMIT", 1]]
  â†³ app/controllers/application_controller.rb:25:in `current_user'
  [1m[36mCACHE User Load (0.0ms)[0m  [1m[34mSELECT "users".* FROM "users" WHERE "users"."id" = ? LIMIT ?[0m  [["id", 10], ["LIMIT", 1]]
  â†³ app/controllers/application_controller.rb:25:in `current_user'
[active_model_serializers]   [1m[36mWorkoutSession Load (0.1ms)[0m  [1m[34mSELECT "workout_sessions".* FROM "workout_sessions" WHERE "workout_sessions"."user_id" = ?[0m  [["user_id", 10]]
[active_model_serializers]   â†³ app/controllers/auth_controller.rb:15:in `profile'
[active_model_serializers] Rendered UserSerializer with ActiveModelSerializers::Adapter::Attributes (88.42ms)
Completed 200 OK in 203ms (Views: 148.5ms | ActiveRecord: 1.6ms | Allocations: 15769)


Started GET "/profile" for ::1 at 2021-03-26 14:41:43 -0400
Processing by AuthController#profile as */*
  [1m[35m (0.0ms)[0m  [1m[34mSELECT sqlite_version(*)[0m
  â†³ app/controllers/application_controller.rb:25:in `current_user'
  [1m[36mUser Load (0.3ms)[0m  [1m[34mSELECT "users".* FROM "users" WHERE "users"."id" = ? LIMIT ?[0m  [["id", 10], ["LIMIT", 1]]
  â†³ app/controllers/application_controller.rb:25:in `current_user'
  [1m[36mCACHE User Load (0.0ms)[0m  [1m[34mSELECT "users".* FROM "users" WHERE "users"."id" = ? LIMIT ?[0m  [["id", 10], ["LIMIT", 1]]
  â†³ app/controllers/application_controller.rb:25:in `current_user'
[active_model_serializers]   [1m[36mWorkoutSession Load (0.2ms)[0m  [1m[34mSELECT "workout_sessions".* FROM "workout_sessions" WHERE "workout_sessions"."user_id" = ?[0m  [["user_id", 10]]
[active_model_serializers]   â†³ app/controllers/auth_controller.rb:15:in `profile'
[active_model_serializers] Rendered UserSerializer with ActiveModelSerializers::Adapter::Attributes (5.9ms)
Completed 200 OK in 16ms (Views: 7.5ms | ActiveRecord: 0.9ms | Allocations: 13119)


Started GET "/profile" for ::1 at 2021-03-26 14:54:28 -0400
Processing by AuthController#profile as */*
  [1m[35m (0.0ms)[0m  [1m[34mSELECT sqlite_version(*)[0m
  â†³ app/controllers/application_controller.rb:25:in `current_user'
  [1m[36mUser Load (0.1ms)[0m  [1m[34mSELECT "users".* FROM "users" WHERE "users"."id" = ? LIMIT ?[0m  [["id", 10], ["LIMIT", 1]]
  â†³ app/controllers/application_controller.rb:25:in `current_user'
  [1m[36mCACHE User Load (0.0ms)[0m  [1m[34mSELECT "users".* FROM "users" WHERE "users"."id" = ? LIMIT ?[0m  [["id", 10], ["LIMIT", 1]]
  â†³ app/controllers/application_controller.rb:25:in `current_user'
[active_model_serializers]   [1m[36mWorkoutSession Load (0.2ms)[0m  [1m[34mSELECT "workout_sessions".* FROM "workout_sessions" WHERE "workout_sessions"."user_id" = ?[0m  [["user_id", 10]]
[active_model_serializers]   â†³ app/controllers/auth_controller.rb:15:in `profile'
[active_model_serializers] Rendered UserSerializer with ActiveModelSerializers::Adapter::Attributes (4.89ms)
Completed 200 OK in 12ms (Views: 5.8ms | ActiveRecord: 0.7ms | Allocations: 10913)


Started GET "/profile" for ::1 at 2021-03-26 14:54:37 -0400
Processing by AuthController#profile as */*
  [1m[36mUser Load (0.2ms)[0m  [1m[34mSELECT "users".* FROM "users" WHERE "users"."id" = ? LIMIT ?[0m  [["id", 10], ["LIMIT", 1]]
  â†³ app/controllers/application_controller.rb:25:in `current_user'
  [1m[36mCACHE User Load (0.0ms)[0m  [1m[34mSELECT "users".* FROM "users" WHERE "users"."id" = ? LIMIT ?[0m  [["id", 10], ["LIMIT", 1]]
  â†³ app/controllers/application_controller.rb:25:in `current_user'
[active_model_serializers]   [1m[36mWorkoutSession Load (0.1ms)[0m  [1m[34mSELECT "workout_sessions".* FROM "workout_sessions" WHERE "workout_sessions"."user_id" = ?[0m  [["user_id", 10]]
[active_model_serializers]   â†³ app/controllers/auth_controller.rb:15:in `profile'
[active_model_serializers] Rendered UserSerializer with ActiveModelSerializers::Adapter::Attributes (1.34ms)
Completed 200 OK in 3ms (Views: 1.9ms | ActiveRecord: 0.3ms | Allocations: 2536)


Started GET "/profile" for ::1 at 2021-03-26 14:57:28 -0400
Processing by AuthController#profile as */*
  [1m[36mUser Load (0.2ms)[0m  [1m[34mSELECT "users".* FROM "users" WHERE "users"."id" = ? LIMIT ?[0m  [["id", 10], ["LIMIT", 1]]
  â†³ app/controllers/application_controller.rb:25:in `current_user'
  [1m[36mCACHE User Load (0.0ms)[0m  [1m[34mSELECT "users".* FROM "users" WHERE "users"."id" = ? LIMIT ?[0m  [["id", 10], ["LIMIT", 1]]
  â†³ app/controllers/application_controller.rb:25:in `current_user'
[active_model_serializers]   [1m[36mWorkoutSession Load (0.2ms)[0m  [1m[34mSELECT "workout_sessions".* FROM "workout_sessions" WHERE "workout_sessions"."user_id" = ?[0m  [["user_id", 10]]
[active_model_serializers]   â†³ app/controllers/auth_controller.rb:15:in `profile'
[active_model_serializers] Rendered UserSerializer with ActiveModelSerializers::Adapter::Attributes (2.23ms)
Completed 200 OK in 5ms (Views: 3.0ms | ActiveRecord: 0.4ms | Allocations: 2517)


Started GET "/profile" for ::1 at 2021-03-26 15:06:53 -0400
Processing by AuthController#profile as */*
  [1m[35m (0.1ms)[0m  [1m[34mSELECT sqlite_version(*)[0m
  â†³ app/controllers/application_controller.rb:25:in `current_user'
  [1m[36mUser Load (0.5ms)[0m  [1m[34mSELECT "users".* FROM "users" WHERE "users"."id" = ? LIMIT ?[0m  [["id", 10], ["LIMIT", 1]]
  â†³ app/controllers/application_controller.rb:25:in `current_user'
  [1m[36mCACHE User Load (0.0ms)[0m  [1m[34mSELECT "users".* FROM "users" WHERE "users"."id" = ? LIMIT ?[0m  [["id", 10], ["LIMIT", 1]]
  â†³ app/controllers/application_controller.rb:25:in `current_user'
[active_model_serializers]   [1m[36mWorkoutSession Load (0.2ms)[0m  [1m[34mSELECT "workout_sessions".* FROM "workout_sessions" WHERE "workout_sessions"."user_id" = ?[0m  [["user_id", 10]]
[active_model_serializers]   â†³ app/controllers/auth_controller.rb:15:in `profile'
[active_model_serializers] Rendered UserSerializer with ActiveModelSerializers::Adapter::Attributes (1.86ms)
Completed 200 OK in 13ms (Views: 2.8ms | ActiveRecord: 1.2ms | Allocations: 3001)


Started GET "/profile" for ::1 at 2021-03-26 15:08:30 -0400
Processing by AuthController#profile as */*
  [1m[36mUser Load (0.2ms)[0m  [1m[34mSELECT "users".* FROM "users" WHERE "users"."id" = ? LIMIT ?[0m  [["id", 10], ["LIMIT", 1]]
  â†³ app/controllers/application_controller.rb:25:in `current_user'
  [1m[36mCACHE User Load (0.0ms)[0m  [1m[34mSELECT "users".* FROM "users" WHERE "users"."id" = ? LIMIT ?[0m  [["id", 10], ["LIMIT", 1]]
  â†³ app/controllers/application_controller.rb:25:in `current_user'
[active_model_serializers]   [1m[36mWorkoutSession Load (0.1ms)[0m  [1m[34mSELECT "workout_sessions".* FROM "workout_sessions" WHERE "workout_sessions"."user_id" = ?[0m  [["user_id", 10]]
[active_model_serializers]   â†³ app/controllers/auth_controller.rb:15:in `profile'
[active_model_serializers] Rendered UserSerializer with ActiveModelSerializers::Adapter::Attributes (1.16ms)
Completed 200 OK in 3ms (Views: 1.7ms | ActiveRecord: 0.3ms | Allocations: 2515)


Started GET "/profile" for ::1 at 2021-03-26 15:08:36 -0400
Processing by AuthController#profile as */*
  [1m[36mUser Load (0.2ms)[0m  [1m[34mSELECT "users".* FROM "users" WHERE "users"."id" = ? LIMIT ?[0m  [["id", 10], ["LIMIT", 1]]
  â†³ app/controllers/application_controller.rb:25:in `current_user'
  [1m[36mCACHE User Load (0.0ms)[0m  [1m[34mSELECT "users".* FROM "users" WHERE "users"."id" = ? LIMIT ?[0m  [["id", 10], ["LIMIT", 1]]
  â†³ app/controllers/application_controller.rb:25:in `current_user'
[active_model_serializers]   [1m[36mWorkoutSession Load (0.1ms)[0m  [1m[34mSELECT "workout_sessions".* FROM "workout_sessions" WHERE "workout_sessions"."user_id" = ?[0m  [["user_id", 10]]
[active_model_serializers]   â†³ app/controllers/auth_controller.rb:15:in `profile'
[active_model_serializers] Rendered UserSerializer with ActiveModelSerializers::Adapter::Attributes (1.33ms)
Completed 200 OK in 3ms (Views: 1.9ms | ActiveRecord: 0.3ms | Allocations: 2515)


Started GET "/profile" for ::1 at 2021-03-27 17:09:39 -0400
Processing by AuthController#profile as */*
  [1m[35m (0.0ms)[0m  [1m[34mSELECT sqlite_version(*)[0m
  â†³ app/controllers/application_controller.rb:25:in `current_user'
  [1m[36mUser Load (0.2ms)[0m  [1m[34mSELECT "users".* FROM "users" WHERE "users"."id" = ? LIMIT ?[0m  [["id", 10], ["LIMIT", 1]]
  â†³ app/controllers/application_controller.rb:25:in `current_user'
  [1m[36mCACHE User Load (0.0ms)[0m  [1m[34mSELECT "users".* FROM "users" WHERE "users"."id" = ? LIMIT ?[0m  [["id", 10], ["LIMIT", 1]]
  â†³ app/controllers/application_controller.rb:25:in `current_user'
[active_model_serializers]   [1m[36mWorkoutSession Load (0.5ms)[0m  [1m[34mSELECT "workout_sessions".* FROM "workout_sessions" WHERE "workout_sessions"."user_id" = ?[0m  [["user_id", 10]]
[active_model_serializers]   â†³ app/controllers/auth_controller.rb:15:in `profile'
[active_model_serializers] Rendered UserSerializer with ActiveModelSerializers::Adapter::Attributes (8.2ms)
Completed 200 OK in 17ms (Views: 9.1ms | ActiveRecord: 1.0ms | Allocations: 10888)


